TpTrace Verbose: 0 : 24952, 1, 2023/08/05, 19:23:25.716, 13027508927857, vstest.console.dll, Version: 17.6.0-release-20230405-08 Current process architecture: X64
TpTrace Verbose: 0 : 24952, 1, 2023/08/05, 19:23:25.720, 13027508965250, vstest.console.dll, Runtime location: C:\Program Files\dotnet\shared\Microsoft.NETCore.App\7.0.7
TpTrace Verbose: 0 : 24952, 1, 2023/08/05, 19:23:25.725, 13027509018640, vstest.console.dll, ArtifactProcessingPostProcessModeProcessorExecutor.Initialize: ArtifactProcessingMode.Collect
TpTrace Verbose: 0 : 24952, 1, 2023/08/05, 19:23:25.725, 13027509021323, vstest.console.dll, TestSessionCorrelationIdProcessorModeProcessorExecutor.Initialize: TestSessionCorrelationId '22836_5d272a22-7cb9-44a6-a0f5-ac9f0558f32a'
TpTrace Information: 0 : 24952, 1, 2023/08/05, 19:23:25.739, 13027509157655, vstest.console.dll, FilePatternParser: The given file C:\Users\danie\source\repos\FishingMania\Tests\FishingMania.Web.Tests\bin\Debug\net6.0\fine-code-coverage\build-output\FishingMania.Web.Tests.dll is a full path.
TpTrace Verbose: 0 : 24952, 1, 2023/08/05, 19:23:25.750, 13027509267766, vstest.console.dll, TestPluginCache.DiscoverTestExtensions: finding test extensions in assemblies ends with: RuntimeProvider.dll TPluginInfo: Microsoft.VisualStudio.TestPlatform.Common.ExtensionFramework.Utilities.TestRuntimePluginInformation TExtension: Microsoft.VisualStudio.TestPlatform.ObjectModel.Host.ITestRuntimeProvider
TpTrace Verbose: 0 : 24952, 1, 2023/08/05, 19:23:25.751, 13027509274547, vstest.console.dll, TestPluginCache.GetExtensionPaths: Filtered extension paths: 
TpTrace Verbose: 0 : 24952, 1, 2023/08/05, 19:23:25.751, 13027509276415, vstest.console.dll, TestPluginCache.GetExtensionPaths: Added default extension paths: C:\Program Files\dotnet\sdk\7.0.304\Extensions\Microsoft.Diagnostics.NETCore.Client.dll
C:\Program Files\dotnet\sdk\7.0.304\Extensions\Microsoft.TestPlatform.Extensions.BlameDataCollector.dll
C:\Program Files\dotnet\sdk\7.0.304\Extensions\Microsoft.TestPlatform.Extensions.EventLogCollector.dll
C:\Program Files\dotnet\sdk\7.0.304\Extensions\Microsoft.TestPlatform.TestHostRuntimeProvider.dll
C:\Program Files\dotnet\sdk\7.0.304\Extensions\Microsoft.VisualStudio.TestPlatform.Extensions.Html.TestLogger.dll
C:\Program Files\dotnet\sdk\7.0.304\Extensions\Microsoft.VisualStudio.TestPlatform.Extensions.Trx.TestLogger.dll
TpTrace Verbose: 0 : 24952, 1, 2023/08/05, 19:23:25.751, 13027509277059, vstest.console.dll, TestPluginCache.GetExtensionPaths: Added unfilterableExtensionPaths: 
TpTrace Information: 0 : 24952, 1, 2023/08/05, 19:23:25.752, 13027509287608, vstest.console.dll, AssemblyResolver.ctor: Creating AssemblyResolver with searchDirectories C:\Program Files\dotnet\sdk\7.0.304\Extensions,C:\Program Files\dotnet\sdk\7.0.304
TpTrace Verbose: 0 : 24952, 1, 2023/08/05, 19:23:25.754, 13027509309951, vstest.console.dll, TestPluginCache.DiscoverTestExtensions: Discovering the extensions using extension path.
TpTrace Verbose: 0 : 24952, 1, 2023/08/05, 19:23:25.754, 13027509311970, vstest.console.dll, TestPluginCache.GetExtensionPaths: Filtered extension paths: 
TpTrace Verbose: 0 : 24952, 1, 2023/08/05, 19:23:25.755, 13027509313942, vstest.console.dll, TestPluginCache.GetExtensionPaths: Added default extension paths: C:\Program Files\dotnet\sdk\7.0.304\Extensions\Microsoft.Diagnostics.NETCore.Client.dll
C:\Program Files\dotnet\sdk\7.0.304\Extensions\Microsoft.TestPlatform.Extensions.BlameDataCollector.dll
C:\Program Files\dotnet\sdk\7.0.304\Extensions\Microsoft.TestPlatform.Extensions.EventLogCollector.dll
C:\Program Files\dotnet\sdk\7.0.304\Extensions\Microsoft.TestPlatform.TestHostRuntimeProvider.dll
C:\Program Files\dotnet\sdk\7.0.304\Extensions\Microsoft.VisualStudio.TestPlatform.Extensions.Html.TestLogger.dll
C:\Program Files\dotnet\sdk\7.0.304\Extensions\Microsoft.VisualStudio.TestPlatform.Extensions.Trx.TestLogger.dll
TpTrace Verbose: 0 : 24952, 1, 2023/08/05, 19:23:25.755, 13027509315091, vstest.console.dll, TestPluginCache.GetExtensionPaths: Added unfilterableExtensionPaths: 
TpTrace Verbose: 0 : 24952, 1, 2023/08/05, 19:23:25.755, 13027509317369, vstest.console.dll, TestPluginCache.DiscoverTestExtensions: Discovering the extensions using allExtensionPaths: C:\Program Files\dotnet\sdk\7.0.304\Extensions\Microsoft.Diagnostics.NETCore.Client.dll
C:\Program Files\dotnet\sdk\7.0.304\Extensions\Microsoft.TestPlatform.Extensions.BlameDataCollector.dll
C:\Program Files\dotnet\sdk\7.0.304\Extensions\Microsoft.TestPlatform.Extensions.EventLogCollector.dll
C:\Program Files\dotnet\sdk\7.0.304\Extensions\Microsoft.TestPlatform.TestHostRuntimeProvider.dll
C:\Program Files\dotnet\sdk\7.0.304\Extensions\Microsoft.VisualStudio.TestPlatform.Extensions.Html.TestLogger.dll
C:\Program Files\dotnet\sdk\7.0.304\Extensions\Microsoft.VisualStudio.TestPlatform.Extensions.Trx.TestLogger.dll
TpTrace Information: 0 : 24952, 1, 2023/08/05, 19:23:25.755, 13027509319425, vstest.console.dll, AssemblyResolver.AddSearchDirectories: Adding more searchDirectories C:\Program Files\dotnet\sdk\7.0.304\Extensions,C:\Program Files\dotnet\sdk\7.0.304
TpTrace Information: 0 : 24952, 1, 2023/08/05, 19:23:25.755, 13027509320721, vstest.console.dll, AssemblyResolver.AddSearchDirectories: Adding more searchDirectories C:\Program Files\dotnet\sdk\7.0.304\Extensions,C:\Program Files\dotnet\sdk\7.0.304
TpTrace Information: 0 : 24952, 1, 2023/08/05, 19:23:25.755, 13027509321380, vstest.console.dll, AssemblyResolver.AddSearchDirectories: Adding more searchDirectories C:\Program Files\dotnet\sdk\7.0.304\Extensions,C:\Program Files\dotnet\sdk\7.0.304
TpTrace Information: 0 : 24952, 1, 2023/08/05, 19:23:25.755, 13027509321861, vstest.console.dll, AssemblyResolver.AddSearchDirectories: Adding more searchDirectories C:\Program Files\dotnet\sdk\7.0.304\Extensions,C:\Program Files\dotnet\sdk\7.0.304
TpTrace Information: 0 : 24952, 1, 2023/08/05, 19:23:25.756, 13027509322315, vstest.console.dll, AssemblyResolver.AddSearchDirectories: Adding more searchDirectories C:\Program Files\dotnet\sdk\7.0.304\Extensions,C:\Program Files\dotnet\sdk\7.0.304
TpTrace Information: 0 : 24952, 1, 2023/08/05, 19:23:25.756, 13027509322854, vstest.console.dll, AssemblyResolver.AddSearchDirectories: Adding more searchDirectories C:\Program Files\dotnet\sdk\7.0.304\Extensions,C:\Program Files\dotnet\sdk\7.0.304
TpTrace Information: 0 : 24952, 1, 2023/08/05, 19:23:25.756, 13027509329256, vstest.console.dll, AssemblyResolver.OnResolve: Microsoft.Diagnostics.NETCore.Client: Resolving assembly.
TpTrace Information: 0 : 24952, 1, 2023/08/05, 19:23:25.756, 13027509330693, vstest.console.dll, AssemblyResolver.OnResolve: Microsoft.Diagnostics.NETCore.Client: Searching in: 'C:\Program Files\dotnet\sdk\7.0.304\Extensions'.
TpTrace Information: 0 : 24952, 1, 2023/08/05, 19:23:25.769, 13027509461167, vstest.console.dll, AssemblyResolver.OnResolve: Microsoft.Diagnostics.NETCore.Client: Loading assembly 'C:\Program Files\dotnet\sdk\7.0.304\Extensions\Microsoft.Diagnostics.NETCore.Client.dll'.
TpTrace Information: 0 : 24952, 1, 2023/08/05, 19:23:25.771, 13027509473345, vstest.console.dll, AssemblyResolver.OnResolve: Resolved assembly: Microsoft.Diagnostics.NETCore.Client, from path: C:\Program Files\dotnet\sdk\7.0.304\Extensions\Microsoft.Diagnostics.NETCore.Client.dll
TpTrace Verbose: 0 : 24952, 1, 2023/08/05, 19:23:25.772, 13027509490578, vstest.console.dll, MetadataReaderExtensionsHelper: Discovering extensions inside assembly 'Microsoft.Diagnostics.NETCore.Client, Version=0.2.6.42401, Culture=neutral, PublicKeyToken=31bf3856ad364e35' file path 'C:\Program Files\dotnet\sdk\7.0.304\Extensions\Microsoft.Diagnostics.NETCore.Client.dll'
TpTrace Information: 0 : 24952, 1, 2023/08/05, 19:23:25.781, 13027509579564, vstest.console.dll, AssemblyResolver.OnResolve: Microsoft.Bcl.AsyncInterfaces: Resolving assembly.
TpTrace Information: 0 : 24952, 1, 2023/08/05, 19:23:25.781, 13027509581723, vstest.console.dll, AssemblyResolver.OnResolve: Microsoft.Bcl.AsyncInterfaces: Searching in: 'C:\Program Files\dotnet\sdk\7.0.304\Extensions'.
TpTrace Information: 0 : 24952, 1, 2023/08/05, 19:23:25.782, 13027509584076, vstest.console.dll, AssemblyResolver.OnResolve: Microsoft.Bcl.AsyncInterfaces: Assembly path does not exist: 'C:\Program Files\dotnet\sdk\7.0.304\Extensions\Microsoft.Bcl.AsyncInterfaces.dll', returning.
TpTrace Information: 0 : 24952, 1, 2023/08/05, 19:23:25.782, 13027509586948, vstest.console.dll, AssemblyResolver.OnResolve: Microsoft.Bcl.AsyncInterfaces: Assembly path does not exist: 'C:\Program Files\dotnet\sdk\7.0.304\Extensions\Microsoft.Bcl.AsyncInterfaces.exe', returning.
TpTrace Information: 0 : 24952, 1, 2023/08/05, 19:23:25.782, 13027509588057, vstest.console.dll, AssemblyResolver.OnResolve: Microsoft.Bcl.AsyncInterfaces: Searching in: 'C:\Program Files\dotnet\sdk\7.0.304'.
TpTrace Information: 0 : 24952, 1, 2023/08/05, 19:23:25.782, 13027509591018, vstest.console.dll, AssemblyResolver.OnResolve: Microsoft.Bcl.AsyncInterfaces: Assembly path does not exist: 'C:\Program Files\dotnet\sdk\7.0.304\Microsoft.Bcl.AsyncInterfaces.dll', returning.
TpTrace Information: 0 : 24952, 1, 2023/08/05, 19:23:25.783, 13027509592942, vstest.console.dll, AssemblyResolver.OnResolve: Microsoft.Bcl.AsyncInterfaces: Assembly path does not exist: 'C:\Program Files\dotnet\sdk\7.0.304\Microsoft.Bcl.AsyncInterfaces.exe', returning.
TpTrace Information: 0 : 24952, 1, 2023/08/05, 19:23:25.783, 13027509593866, vstest.console.dll, AssemblyResolver.OnResolve: Microsoft.Bcl.AsyncInterfaces: Failed to load assembly.
TpTrace Verbose: 0 : 24952, 1, 2023/08/05, 19:23:25.783, 13027509595927, vstest.console.dll, CurrentDomainAssemblyResolve: Resolving assembly 'Microsoft.Bcl.AsyncInterfaces'.
TpTrace Information: 0 : 24952, 1, 2023/08/05, 19:23:25.783, 13027509597569, vstest.console.dll, AssemblyResolver.OnResolve: Microsoft.Bcl.AsyncInterfaces: Resolving assembly.
TpTrace Information: 0 : 24952, 1, 2023/08/05, 19:23:25.783, 13027509598491, vstest.console.dll, AssemblyResolver.OnResolve: Microsoft.Bcl.AsyncInterfaces: Resolved from cache.
TpTrace Verbose: 0 : 24952, 1, 2023/08/05, 19:23:25.783, 13027509599116, vstest.console.dll, CurrentDomainAssemblyResolve: Resolving assembly 'Microsoft.Bcl.AsyncInterfaces'.
TpTrace Verbose: 0 : 24952, 1, 2023/08/05, 19:23:25.783, 13027509599865, vstest.console.dll, CurrentDomainAssemblyResolve: Failed to resolve assembly 'Microsoft.Bcl.AsyncInterfaces'.
TpTrace Verbose: 0 : 24952, 1, 2023/08/05, 19:23:25.786, 13027509623242, vstest.console.dll, CurrentDomainAssemblyResolve: Failed to resolve assembly 'Microsoft.Bcl.AsyncInterfaces'.
TpTrace Warning: 0 : 24952, 1, 2023/08/05, 19:23:25.798, 13027509751459, vstest.console.dll, TestPluginDiscoverer: Failed to get types from assembly 'Microsoft.Diagnostics.NETCore.Client, Version=0.2.6.42401, Culture=neutral, PublicKeyToken=31bf3856ad364e35'. Error: System.Reflection.ReflectionTypeLoadException: Unable to load one or more of the requested types.
Could not load file or assembly 'Microsoft.Bcl.AsyncInterfaces, Version=1.0.0.0, Culture=neutral, PublicKeyToken=cc7b13ffcd2ddd51'. The system cannot find the file specified.
   at System.Reflection.RuntimeModule.GetTypes(RuntimeModule module)
   at System.Reflection.Assembly.GetTypes()
   at Microsoft.VisualStudio.TestPlatform.Common.ExtensionFramework.TestPluginDiscoverer.GetTestExtensionsFromAssembly[TPluginInfo,TExtension](Assembly assembly, Dictionary`2 pluginInfos, String filePath)
System.IO.FileNotFoundException: Could not load file or assembly 'Microsoft.Bcl.AsyncInterfaces, Version=1.0.0.0, Culture=neutral, PublicKeyToken=cc7b13ffcd2ddd51'. The system cannot find the file specified.
File name: 'Microsoft.Bcl.AsyncInterfaces, Version=1.0.0.0, Culture=neutral, PublicKeyToken=cc7b13ffcd2ddd51'
 ---> System.IO.FileNotFoundException: Could not load file or assembly 'Microsoft.Bcl.AsyncInterfaces, Culture=neutral, PublicKeyToken=null'. The system cannot find the file specified.
File name: 'Microsoft.Bcl.AsyncInterfaces, Culture=neutral, PublicKeyToken=null'
   at System.Reflection.RuntimeAssembly.InternalLoad(AssemblyName assemblyName, StackCrawlMark& stackMark, AssemblyLoadContext assemblyLoadContext, RuntimeAssembly requestingAssembly, Boolean throwOnFileNotFound)
   at System.Reflection.Assembly.Load(AssemblyName assemblyRef)
   at Microsoft.VisualStudio.TestPlatform.Common.ExtensionFramework.TestPluginCache.CurrentDomainAssemblyResolve(Object sender, AssemblyResolveEventArgs args)
   at System.Runtime.Loader.AssemblyLoadContext.GetFirstResolvedAssemblyFromResolvingEvent(AssemblyName assemblyName)
   at System.Runtime.Loader.AssemblyLoadContext.ResolveUsingEvent(AssemblyName assemblyName)
   at System.Runtime.Loader.AssemblyLoadContext.ResolveUsingResolvingEvent(IntPtr gchManagedAssemblyLoadContext, AssemblyName assemblyName)
TpTrace Warning: 0 : 24952, 1, 2023/08/05, 19:23:25.799, 13027509757977, vstest.console.dll, LoaderExceptions: System.IO.FileNotFoundException: Could not load file or assembly 'Microsoft.Bcl.AsyncInterfaces, Version=1.0.0.0, Culture=neutral, PublicKeyToken=cc7b13ffcd2ddd51'. The system cannot find the file specified.
File name: 'Microsoft.Bcl.AsyncInterfaces, Version=1.0.0.0, Culture=neutral, PublicKeyToken=cc7b13ffcd2ddd51'
 ---> System.IO.FileNotFoundException: Could not load file or assembly 'Microsoft.Bcl.AsyncInterfaces, Culture=neutral, PublicKeyToken=null'. The system cannot find the file specified.
File name: 'Microsoft.Bcl.AsyncInterfaces, Culture=neutral, PublicKeyToken=null'
   at System.Reflection.RuntimeAssembly.InternalLoad(AssemblyName assemblyName, StackCrawlMark& stackMark, AssemblyLoadContext assemblyLoadContext, RuntimeAssembly requestingAssembly, Boolean throwOnFileNotFound)
   at System.Reflection.Assembly.Load(AssemblyName assemblyRef)
   at Microsoft.VisualStudio.TestPlatform.Common.ExtensionFramework.TestPluginCache.CurrentDomainAssemblyResolve(Object sender, AssemblyResolveEventArgs args)
   at System.Runtime.Loader.AssemblyLoadContext.GetFirstResolvedAssemblyFromResolvingEvent(AssemblyName assemblyName)
   at System.Runtime.Loader.AssemblyLoadContext.ResolveUsingEvent(AssemblyName assemblyName)
   at System.Runtime.Loader.AssemblyLoadContext.ResolveUsingResolvingEvent(IntPtr gchManagedAssemblyLoadContext, AssemblyName assemblyName)
TpTrace Information: 0 : 24952, 1, 2023/08/05, 19:23:25.799, 13027509761019, vstest.console.dll, AssemblyResolver.OnResolve: Microsoft.TestPlatform.Extensions.BlameDataCollector: Resolving assembly.
TpTrace Information: 0 : 24952, 1, 2023/08/05, 19:23:25.799, 13027509761895, vstest.console.dll, AssemblyResolver.OnResolve: Microsoft.TestPlatform.Extensions.BlameDataCollector: Searching in: 'C:\Program Files\dotnet\sdk\7.0.304\Extensions'.
TpTrace Information: 0 : 24952, 1, 2023/08/05, 19:23:25.800, 13027509768727, vstest.console.dll, AssemblyResolver.OnResolve: Microsoft.TestPlatform.Extensions.BlameDataCollector: Loading assembly 'C:\Program Files\dotnet\sdk\7.0.304\Extensions\Microsoft.TestPlatform.Extensions.BlameDataCollector.dll'.
TpTrace Information: 0 : 24952, 1, 2023/08/05, 19:23:25.801, 13027509780041, vstest.console.dll, AssemblyResolver.OnResolve: Resolved assembly: Microsoft.TestPlatform.Extensions.BlameDataCollector, from path: C:\Program Files\dotnet\sdk\7.0.304\Extensions\Microsoft.TestPlatform.Extensions.BlameDataCollector.dll
TpTrace Verbose: 0 : 24952, 1, 2023/08/05, 19:23:25.801, 13027509781620, vstest.console.dll, MetadataReaderExtensionsHelper: Discovering extensions inside assembly 'Microsoft.TestPlatform.Extensions.BlameDataCollector, Version=15.0.0.0, Culture=neutral, PublicKeyToken=b03f5f7f11d50a3a' file path 'C:\Program Files\dotnet\sdk\7.0.304\Extensions\Microsoft.TestPlatform.Extensions.BlameDataCollector.dll'
TpTrace Information: 0 : 24952, 1, 2023/08/05, 19:23:25.804, 13027509810633, vstest.console.dll, AssemblyResolver.OnResolve: Microsoft.TestPlatform.Extensions.EventLogCollector: Resolving assembly.
TpTrace Information: 0 : 24952, 1, 2023/08/05, 19:23:25.804, 13027509812004, vstest.console.dll, AssemblyResolver.OnResolve: Microsoft.TestPlatform.Extensions.EventLogCollector: Searching in: 'C:\Program Files\dotnet\sdk\7.0.304\Extensions'.
TpTrace Information: 0 : 24952, 1, 2023/08/05, 19:23:25.805, 13027509819482, vstest.console.dll, AssemblyResolver.OnResolve: Microsoft.TestPlatform.Extensions.EventLogCollector: Loading assembly 'C:\Program Files\dotnet\sdk\7.0.304\Extensions\Microsoft.TestPlatform.Extensions.EventLogCollector.dll'.
TpTrace Information: 0 : 24952, 1, 2023/08/05, 19:23:25.806, 13027509832106, vstest.console.dll, AssemblyResolver.OnResolve: Resolved assembly: Microsoft.TestPlatform.Extensions.EventLogCollector, from path: C:\Program Files\dotnet\sdk\7.0.304\Extensions\Microsoft.TestPlatform.Extensions.EventLogCollector.dll
TpTrace Verbose: 0 : 24952, 1, 2023/08/05, 19:23:25.807, 13027509833666, vstest.console.dll, MetadataReaderExtensionsHelper: Discovering extensions inside assembly 'Microsoft.TestPlatform.Extensions.EventLogCollector, Version=15.0.0.0, Culture=neutral, PublicKeyToken=b03f5f7f11d50a3a' file path 'C:\Program Files\dotnet\sdk\7.0.304\Extensions\Microsoft.TestPlatform.Extensions.EventLogCollector.dll'
TpTrace Information: 0 : 24952, 1, 2023/08/05, 19:23:25.810, 13027509871955, vstest.console.dll, AssemblyResolver.OnResolve: Microsoft.TestPlatform.TestHostRuntimeProvider: Resolving assembly.
TpTrace Information: 0 : 24952, 1, 2023/08/05, 19:23:25.811, 13027509873083, vstest.console.dll, AssemblyResolver.OnResolve: Microsoft.TestPlatform.TestHostRuntimeProvider: Searching in: 'C:\Program Files\dotnet\sdk\7.0.304\Extensions'.
TpTrace Information: 0 : 24952, 1, 2023/08/05, 19:23:25.811, 13027509878626, vstest.console.dll, AssemblyResolver.OnResolve: Microsoft.TestPlatform.TestHostRuntimeProvider: Loading assembly 'C:\Program Files\dotnet\sdk\7.0.304\Extensions\Microsoft.TestPlatform.TestHostRuntimeProvider.dll'.
TpTrace Information: 0 : 24952, 1, 2023/08/05, 19:23:25.812, 13027509888106, vstest.console.dll, AssemblyResolver.OnResolve: Resolved assembly: Microsoft.TestPlatform.TestHostRuntimeProvider, from path: C:\Program Files\dotnet\sdk\7.0.304\Extensions\Microsoft.TestPlatform.TestHostRuntimeProvider.dll
TpTrace Verbose: 0 : 24952, 1, 2023/08/05, 19:23:25.812, 13027509889372, vstest.console.dll, MetadataReaderExtensionsHelper: Discovering extensions inside assembly 'Microsoft.TestPlatform.TestHostRuntimeProvider, Version=15.0.0.0, Culture=neutral, PublicKeyToken=b03f5f7f11d50a3a' file path 'C:\Program Files\dotnet\sdk\7.0.304\Extensions\Microsoft.TestPlatform.TestHostRuntimeProvider.dll'
TpTrace Information: 0 : 24952, 1, 2023/08/05, 19:23:25.815, 13027509918795, vstest.console.dll, GetTestExtensionFromType: Register extension with identifier data 'HostProvider://DefaultTestHost' and type 'Microsoft.VisualStudio.TestPlatform.CrossPlatEngine.Hosting.DefaultTestHostManager, Microsoft.TestPlatform.TestHostRuntimeProvider, Version=15.0.0.0, Culture=neutral, PublicKeyToken=b03f5f7f11d50a3a' inside file 'C:\Program Files\dotnet\sdk\7.0.304\Extensions\Microsoft.TestPlatform.TestHostRuntimeProvider.dll'
TpTrace Information: 0 : 24952, 1, 2023/08/05, 19:23:25.816, 13027509923165, vstest.console.dll, GetTestExtensionFromType: Register extension with identifier data 'HostProvider://DotnetTestHost' and type 'Microsoft.VisualStudio.TestPlatform.CrossPlatEngine.Hosting.DotnetTestHostManager, Microsoft.TestPlatform.TestHostRuntimeProvider, Version=15.0.0.0, Culture=neutral, PublicKeyToken=b03f5f7f11d50a3a' inside file 'C:\Program Files\dotnet\sdk\7.0.304\Extensions\Microsoft.TestPlatform.TestHostRuntimeProvider.dll'
TpTrace Information: 0 : 24952, 1, 2023/08/05, 19:23:25.816, 13027509924601, vstest.console.dll, AssemblyResolver.OnResolve: Microsoft.VisualStudio.TestPlatform.Extensions.Html.TestLogger: Resolving assembly.
TpTrace Information: 0 : 24952, 1, 2023/08/05, 19:23:25.816, 13027509925537, vstest.console.dll, AssemblyResolver.OnResolve: Microsoft.VisualStudio.TestPlatform.Extensions.Html.TestLogger: Searching in: 'C:\Program Files\dotnet\sdk\7.0.304\Extensions'.
TpTrace Information: 0 : 24952, 1, 2023/08/05, 19:23:25.816, 13027509931472, vstest.console.dll, AssemblyResolver.OnResolve: Microsoft.VisualStudio.TestPlatform.Extensions.Html.TestLogger: Loading assembly 'C:\Program Files\dotnet\sdk\7.0.304\Extensions\Microsoft.VisualStudio.TestPlatform.Extensions.Html.TestLogger.dll'.
TpTrace Information: 0 : 24952, 1, 2023/08/05, 19:23:25.817, 13027509942038, vstest.console.dll, AssemblyResolver.OnResolve: Resolved assembly: Microsoft.VisualStudio.TestPlatform.Extensions.Html.TestLogger, from path: C:\Program Files\dotnet\sdk\7.0.304\Extensions\Microsoft.VisualStudio.TestPlatform.Extensions.Html.TestLogger.dll
TpTrace Verbose: 0 : 24952, 1, 2023/08/05, 19:23:25.818, 13027509943310, vstest.console.dll, MetadataReaderExtensionsHelper: Discovering extensions inside assembly 'Microsoft.VisualStudio.TestPlatform.Extensions.Html.TestLogger, Version=15.0.0.0, Culture=neutral, PublicKeyToken=b03f5f7f11d50a3a' file path 'C:\Program Files\dotnet\sdk\7.0.304\Extensions\Microsoft.VisualStudio.TestPlatform.Extensions.Html.TestLogger.dll'
TpTrace Information: 0 : 24952, 1, 2023/08/05, 19:23:25.819, 13027509955851, vstest.console.dll, AssemblyResolver.OnResolve: Microsoft.VisualStudio.TestPlatform.Extensions.Trx.TestLogger: Resolving assembly.
TpTrace Information: 0 : 24952, 1, 2023/08/05, 19:23:25.819, 13027509956840, vstest.console.dll, AssemblyResolver.OnResolve: Microsoft.VisualStudio.TestPlatform.Extensions.Trx.TestLogger: Searching in: 'C:\Program Files\dotnet\sdk\7.0.304\Extensions'.
TpTrace Information: 0 : 24952, 1, 2023/08/05, 19:23:25.819, 13027509961958, vstest.console.dll, AssemblyResolver.OnResolve: Microsoft.VisualStudio.TestPlatform.Extensions.Trx.TestLogger: Loading assembly 'C:\Program Files\dotnet\sdk\7.0.304\Extensions\Microsoft.VisualStudio.TestPlatform.Extensions.Trx.TestLogger.dll'.
TpTrace Information: 0 : 24952, 1, 2023/08/05, 19:23:25.821, 13027509972803, vstest.console.dll, AssemblyResolver.OnResolve: Resolved assembly: Microsoft.VisualStudio.TestPlatform.Extensions.Trx.TestLogger, from path: C:\Program Files\dotnet\sdk\7.0.304\Extensions\Microsoft.VisualStudio.TestPlatform.Extensions.Trx.TestLogger.dll
TpTrace Verbose: 0 : 24952, 1, 2023/08/05, 19:23:25.821, 13027509974086, vstest.console.dll, MetadataReaderExtensionsHelper: Discovering extensions inside assembly 'Microsoft.VisualStudio.TestPlatform.Extensions.Trx.TestLogger, Version=15.0.0.0, Culture=neutral, PublicKeyToken=b03f5f7f11d50a3a' file path 'C:\Program Files\dotnet\sdk\7.0.304\Extensions\Microsoft.VisualStudio.TestPlatform.Extensions.Trx.TestLogger.dll'
TpTrace Verbose: 0 : 24952, 1, 2023/08/05, 19:23:25.823, 13027509993682, vstest.console.dll, TestPluginCache: Discovered the extensions using extension path ''.
TpTrace Verbose: 0 : 24952, 1, 2023/08/05, 19:23:25.823, 13027509995111, vstest.console.dll, TestPluginCache: Discoverers are ''.
TpTrace Verbose: 0 : 24952, 1, 2023/08/05, 19:23:25.823, 13027509995587, vstest.console.dll, TestPluginCache: Executors are ''.
TpTrace Verbose: 0 : 24952, 1, 2023/08/05, 19:23:25.823, 13027509995984, vstest.console.dll, TestPluginCache: Executors2 are ''.
TpTrace Verbose: 0 : 24952, 1, 2023/08/05, 19:23:25.823, 13027509996359, vstest.console.dll, TestPluginCache: Setting providers are ''.
TpTrace Verbose: 0 : 24952, 1, 2023/08/05, 19:23:25.823, 13027509996732, vstest.console.dll, TestPluginCache: Loggers are ''.
TpTrace Verbose: 0 : 24952, 1, 2023/08/05, 19:23:25.823, 13027509997893, vstest.console.dll, TestPluginCache: TestHosts are 'HostProvider://DefaultTestHost,HostProvider://DotnetTestHost'.
TpTrace Verbose: 0 : 24952, 1, 2023/08/05, 19:23:25.823, 13027509998473, vstest.console.dll, TestPluginCache: DataCollectors are ''.
TpTrace Information: 0 : 24952, 1, 2023/08/05, 19:23:25.842, 13027510182367, vstest.console.dll, RunTestsArgumentProcessor:Execute: Test run is starting.
TpTrace Verbose: 0 : 24952, 1, 2023/08/05, 19:23:25.842, 13027510183857, vstest.console.dll, RunTestsArgumentProcessor:Execute: Queuing Test run.
TpTrace Information: 0 : 24952, 1, 2023/08/05, 19:23:25.842, 13027510187939, vstest.console.dll, TestRequestManager.RunTests: run tests started.
TpTrace Information: 0 : 24952, 1, 2023/08/05, 19:23:25.844, 13027510209198, vstest.console.dll, AssemblyMetadataProvider.GetFrameworkName: Determined framework:'.NETCoreApp,Version=v6.0' for source: 'C:\Users\danie\source\repos\FishingMania\Tests\FishingMania.Web.Tests\bin\Debug\net6.0\fine-code-coverage\build-output\FishingMania.Web.Tests.dll'
TpTrace Information: 0 : 24952, 1, 2023/08/05, 19:23:25.845, 13027510212546, vstest.console.dll, Determined framework for all sources: .NETCoreApp,Version=v6.0
TpTrace Verbose: 0 : 24952, 1, 2023/08/05, 19:23:25.845, 13027510218678, vstest.console.dll, TestRequestManager.UpdateRunSettingsIfRequired: Default architecture: X64 IsDefaultTargetArchitecture: True, Current process architecture: X64 OperatingSystem: Windows.
TpTrace Information: 0 : 24952, 1, 2023/08/05, 19:23:25.849, 13027510256758, vstest.console.dll, AssemblyMetadataProvider.GetArchitecture: Determined architecture:AnyCPU info for assembly: C:\Users\danie\source\repos\FishingMania\Tests\FishingMania.Web.Tests\bin\Debug\net6.0\fine-code-coverage\build-output\FishingMania.Web.Tests.dll
TpTrace Information: 0 : 24952, 1, 2023/08/05, 19:23:25.849, 13027510258236, vstest.console.dll, Determined platform for source 'C:\Users\danie\source\repos\FishingMania\Tests\FishingMania.Web.Tests\bin\Debug\net6.0\fine-code-coverage\build-output\FishingMania.Web.Tests.dll' was AnyCPU and it will use the default plaform X64.
TpTrace Information: 0 : 24952, 1, 2023/08/05, 19:23:25.849, 13027510258792, vstest.console.dll, None of the sources provided any runnable platform, using the default platform: X64
TpTrace Information: 0 : 24952, 1, 2023/08/05, 19:23:25.849, 13027510260498, vstest.console.dll, Platform was updated to 'X64'.
TpTrace Information: 0 : 24952, 1, 2023/08/05, 19:23:25.855, 13027510312801, vstest.console.dll, InferRunSettingsHelper.IsTestSettingsEnabled: Unable to navigate to RunSettings/MSTest. Current node: RunSettings
TpTrace Information: 0 : 24952, 1, 2023/08/05, 19:23:25.856, 13027510323262, vstest.console.dll, AssemblyResolver.OnResolve: Microsoft.VisualStudio.TestPlatform.Fakes: Resolving assembly.
TpTrace Information: 0 : 24952, 1, 2023/08/05, 19:23:25.856, 13027510324312, vstest.console.dll, AssemblyResolver.OnResolve: Microsoft.VisualStudio.TestPlatform.Fakes: Searching in: 'C:\Program Files\dotnet\sdk\7.0.304\Extensions'.
TpTrace Information: 0 : 24952, 1, 2023/08/05, 19:23:25.856, 13027510325925, vstest.console.dll, AssemblyResolver.OnResolve: Microsoft.VisualStudio.TestPlatform.Fakes: Assembly path does not exist: 'C:\Program Files\dotnet\sdk\7.0.304\Extensions\Microsoft.VisualStudio.TestPlatform.Fakes.dll', returning.
TpTrace Information: 0 : 24952, 1, 2023/08/05, 19:23:25.856, 13027510327493, vstest.console.dll, AssemblyResolver.OnResolve: Microsoft.VisualStudio.TestPlatform.Fakes: Assembly path does not exist: 'C:\Program Files\dotnet\sdk\7.0.304\Extensions\Microsoft.VisualStudio.TestPlatform.Fakes.exe', returning.
TpTrace Information: 0 : 24952, 1, 2023/08/05, 19:23:25.856, 13027510328177, vstest.console.dll, AssemblyResolver.OnResolve: Microsoft.VisualStudio.TestPlatform.Fakes: Searching in: 'C:\Program Files\dotnet\sdk\7.0.304'.
TpTrace Information: 0 : 24952, 1, 2023/08/05, 19:23:25.856, 13027510329294, vstest.console.dll, AssemblyResolver.OnResolve: Microsoft.VisualStudio.TestPlatform.Fakes: Assembly path does not exist: 'C:\Program Files\dotnet\sdk\7.0.304\Microsoft.VisualStudio.TestPlatform.Fakes.dll', returning.
TpTrace Information: 0 : 24952, 1, 2023/08/05, 19:23:25.856, 13027510330409, vstest.console.dll, AssemblyResolver.OnResolve: Microsoft.VisualStudio.TestPlatform.Fakes: Assembly path does not exist: 'C:\Program Files\dotnet\sdk\7.0.304\Microsoft.VisualStudio.TestPlatform.Fakes.exe', returning.
TpTrace Information: 0 : 24952, 1, 2023/08/05, 19:23:25.856, 13027510330977, vstest.console.dll, AssemblyResolver.OnResolve: Microsoft.VisualStudio.TestPlatform.Fakes: Failed to load assembly.
TpTrace Information: 0 : 24952, 1, 2023/08/05, 19:23:25.857, 13027510334661, vstest.console.dll, Failed to load assembly Microsoft.VisualStudio.TestPlatform.Fakes, Version=17.0.0.0, Culture=neutral. Reason:System.IO.FileNotFoundException: Could not load file or assembly 'Microsoft.VisualStudio.TestPlatform.Fakes, Version=17.0.0.0, Culture=neutral, PublicKeyToken=null'. The system cannot find the file specified.
File name: 'Microsoft.VisualStudio.TestPlatform.Fakes, Version=17.0.0.0, Culture=neutral, PublicKeyToken=null'
   at System.Reflection.RuntimeAssembly.InternalLoad(AssemblyName assemblyName, StackCrawlMark& stackMark, AssemblyLoadContext assemblyLoadContext, RuntimeAssembly requestingAssembly, Boolean throwOnFileNotFound)
   at System.Reflection.Assembly.Load(AssemblyName assemblyRef)
   at Microsoft.VisualStudio.TestPlatform.Common.Utilities.FakesUtilities.LoadTestPlatformAssembly()
TpTrace Verbose: 0 : 24952, 1, 2023/08/05, 19:23:25.863, 13027510401493, vstest.console.dll, TestPluginCache.DiscoverTestExtensions: finding test extensions in assemblies ends with: TestLogger.dll TPluginInfo: Microsoft.VisualStudio.TestPlatform.Common.ExtensionFramework.Utilities.TestLoggerPluginInformation TExtension: Microsoft.VisualStudio.TestPlatform.ObjectModel.Client.ITestLogger
TpTrace Verbose: 0 : 24952, 1, 2023/08/05, 19:23:25.864, 13027510403405, vstest.console.dll, TestPluginCache.GetExtensionPaths: Filtered extension paths: 
TpTrace Verbose: 0 : 24952, 1, 2023/08/05, 19:23:25.864, 13027510404083, vstest.console.dll, TestPluginCache.GetExtensionPaths: Added default extension paths: C:\Program Files\dotnet\sdk\7.0.304\Extensions\Microsoft.Diagnostics.NETCore.Client.dll
C:\Program Files\dotnet\sdk\7.0.304\Extensions\Microsoft.TestPlatform.Extensions.BlameDataCollector.dll
C:\Program Files\dotnet\sdk\7.0.304\Extensions\Microsoft.TestPlatform.Extensions.EventLogCollector.dll
C:\Program Files\dotnet\sdk\7.0.304\Extensions\Microsoft.TestPlatform.TestHostRuntimeProvider.dll
C:\Program Files\dotnet\sdk\7.0.304\Extensions\Microsoft.VisualStudio.TestPlatform.Extensions.Html.TestLogger.dll
C:\Program Files\dotnet\sdk\7.0.304\Extensions\Microsoft.VisualStudio.TestPlatform.Extensions.Trx.TestLogger.dll
TpTrace Verbose: 0 : 24952, 1, 2023/08/05, 19:23:25.864, 13027510404721, vstest.console.dll, TestPluginCache.GetExtensionPaths: Added unfilterableExtensionPaths: 
TpTrace Information: 0 : 24952, 1, 2023/08/05, 19:23:25.864, 13027510407307, vstest.console.dll, AssemblyResolver.AddSearchDirectories: Adding more searchDirectories C:\Program Files\dotnet\sdk\7.0.304\Extensions,C:\Program Files\dotnet\sdk\7.0.304
TpTrace Verbose: 0 : 24952, 1, 2023/08/05, 19:23:25.864, 13027510408296, vstest.console.dll, TestPluginCache.DiscoverTestExtensions: Discovering the extensions using extension path.
TpTrace Verbose: 0 : 24952, 1, 2023/08/05, 19:23:25.864, 13027510408986, vstest.console.dll, TestPluginCache.GetExtensionPaths: Filtered extension paths: 
TpTrace Verbose: 0 : 24952, 1, 2023/08/05, 19:23:25.864, 13027510409567, vstest.console.dll, TestPluginCache.GetExtensionPaths: Added default extension paths: C:\Program Files\dotnet\sdk\7.0.304\Extensions\Microsoft.Diagnostics.NETCore.Client.dll
C:\Program Files\dotnet\sdk\7.0.304\Extensions\Microsoft.TestPlatform.Extensions.BlameDataCollector.dll
C:\Program Files\dotnet\sdk\7.0.304\Extensions\Microsoft.TestPlatform.Extensions.EventLogCollector.dll
C:\Program Files\dotnet\sdk\7.0.304\Extensions\Microsoft.TestPlatform.TestHostRuntimeProvider.dll
C:\Program Files\dotnet\sdk\7.0.304\Extensions\Microsoft.VisualStudio.TestPlatform.Extensions.Html.TestLogger.dll
C:\Program Files\dotnet\sdk\7.0.304\Extensions\Microsoft.VisualStudio.TestPlatform.Extensions.Trx.TestLogger.dll
TpTrace Verbose: 0 : 24952, 1, 2023/08/05, 19:23:25.864, 13027510410554, vstest.console.dll, TestPluginCache.GetExtensionPaths: Added unfilterableExtensionPaths: 
TpTrace Verbose: 0 : 24952, 1, 2023/08/05, 19:23:25.864, 13027510411510, vstest.console.dll, TestPluginCache.DiscoverTestExtensions: Discovering the extensions using allExtensionPaths: C:\Program Files\dotnet\sdk\7.0.304\Extensions\Microsoft.Diagnostics.NETCore.Client.dll
C:\Program Files\dotnet\sdk\7.0.304\Extensions\Microsoft.TestPlatform.Extensions.BlameDataCollector.dll
C:\Program Files\dotnet\sdk\7.0.304\Extensions\Microsoft.TestPlatform.Extensions.EventLogCollector.dll
C:\Program Files\dotnet\sdk\7.0.304\Extensions\Microsoft.TestPlatform.TestHostRuntimeProvider.dll
C:\Program Files\dotnet\sdk\7.0.304\Extensions\Microsoft.VisualStudio.TestPlatform.Extensions.Html.TestLogger.dll
C:\Program Files\dotnet\sdk\7.0.304\Extensions\Microsoft.VisualStudio.TestPlatform.Extensions.Trx.TestLogger.dll
TpTrace Information: 0 : 24952, 1, 2023/08/05, 19:23:25.865, 13027510413501, vstest.console.dll, AssemblyResolver.AddSearchDirectories: Adding more searchDirectories C:\Program Files\dotnet\sdk\7.0.304\Extensions,C:\Program Files\dotnet\sdk\7.0.304
TpTrace Information: 0 : 24952, 1, 2023/08/05, 19:23:25.865, 13027510414307, vstest.console.dll, AssemblyResolver.AddSearchDirectories: Adding more searchDirectories C:\Program Files\dotnet\sdk\7.0.304\Extensions,C:\Program Files\dotnet\sdk\7.0.304
TpTrace Information: 0 : 24952, 1, 2023/08/05, 19:23:25.865, 13027510414973, vstest.console.dll, AssemblyResolver.AddSearchDirectories: Adding more searchDirectories C:\Program Files\dotnet\sdk\7.0.304\Extensions,C:\Program Files\dotnet\sdk\7.0.304
TpTrace Information: 0 : 24952, 1, 2023/08/05, 19:23:25.865, 13027510415581, vstest.console.dll, AssemblyResolver.AddSearchDirectories: Adding more searchDirectories C:\Program Files\dotnet\sdk\7.0.304\Extensions,C:\Program Files\dotnet\sdk\7.0.304
TpTrace Information: 0 : 24952, 1, 2023/08/05, 19:23:25.865, 13027510416407, vstest.console.dll, AssemblyResolver.AddSearchDirectories: Adding more searchDirectories C:\Program Files\dotnet\sdk\7.0.304\Extensions,C:\Program Files\dotnet\sdk\7.0.304
TpTrace Information: 0 : 24952, 1, 2023/08/05, 19:23:25.865, 13027510417455, vstest.console.dll, AssemblyResolver.AddSearchDirectories: Adding more searchDirectories C:\Program Files\dotnet\sdk\7.0.304\Extensions,C:\Program Files\dotnet\sdk\7.0.304
TpTrace Verbose: 0 : 24952, 1, 2023/08/05, 19:23:25.865, 13027510419464, vstest.console.dll, MetadataReaderExtensionsHelper: Discovering extensions inside assembly 'Microsoft.Diagnostics.NETCore.Client, Version=0.2.6.42401, Culture=neutral, PublicKeyToken=31bf3856ad364e35' file path 'C:\Program Files\dotnet\sdk\7.0.304\Extensions\Microsoft.Diagnostics.NETCore.Client.dll'
TpTrace Information: 0 : 24952, 1, 2023/08/05, 19:23:25.867, 13027510434058, vstest.console.dll, AssemblyResolver.OnResolve: Microsoft.Bcl.AsyncInterfaces: Resolving assembly.
TpTrace Information: 0 : 24952, 1, 2023/08/05, 19:23:25.867, 13027510435288, vstest.console.dll, AssemblyResolver.OnResolve: Microsoft.Bcl.AsyncInterfaces: Resolved from cache.
TpTrace Verbose: 0 : 24952, 1, 2023/08/05, 19:23:25.867, 13027510436116, vstest.console.dll, CurrentDomainAssemblyResolve: Resolving assembly 'Microsoft.Bcl.AsyncInterfaces'.
TpTrace Information: 0 : 24952, 1, 2023/08/05, 19:23:25.867, 13027510436892, vstest.console.dll, AssemblyResolver.OnResolve: Microsoft.Bcl.AsyncInterfaces: Resolving assembly.
TpTrace Information: 0 : 24952, 1, 2023/08/05, 19:23:25.867, 13027510437833, vstest.console.dll, AssemblyResolver.OnResolve: Microsoft.Bcl.AsyncInterfaces: Resolved from cache.
TpTrace Verbose: 0 : 24952, 1, 2023/08/05, 19:23:25.867, 13027510438248, vstest.console.dll, CurrentDomainAssemblyResolve: Resolving assembly 'Microsoft.Bcl.AsyncInterfaces'.
TpTrace Verbose: 0 : 24952, 1, 2023/08/05, 19:23:25.867, 13027510438638, vstest.console.dll, CurrentDomainAssemblyResolve: Failed to resolve assembly 'Microsoft.Bcl.AsyncInterfaces'.
TpTrace Verbose: 0 : 24952, 1, 2023/08/05, 19:23:25.867, 13027510440938, vstest.console.dll, CurrentDomainAssemblyResolve: Failed to resolve assembly 'Microsoft.Bcl.AsyncInterfaces'.
TpTrace Warning: 0 : 24952, 1, 2023/08/05, 19:23:25.868, 13027510446422, vstest.console.dll, TestPluginDiscoverer: Failed to get types from assembly 'Microsoft.Diagnostics.NETCore.Client, Version=0.2.6.42401, Culture=neutral, PublicKeyToken=31bf3856ad364e35'. Error: System.Reflection.ReflectionTypeLoadException: Unable to load one or more of the requested types.
Could not load file or assembly 'Microsoft.Bcl.AsyncInterfaces, Version=1.0.0.0, Culture=neutral, PublicKeyToken=cc7b13ffcd2ddd51'. The system cannot find the file specified.
   at System.Reflection.RuntimeModule.GetTypes(RuntimeModule module)
   at System.Reflection.Assembly.GetTypes()
   at Microsoft.VisualStudio.TestPlatform.Common.ExtensionFramework.TestPluginDiscoverer.GetTestExtensionsFromAssembly[TPluginInfo,TExtension](Assembly assembly, Dictionary`2 pluginInfos, String filePath)
System.IO.FileNotFoundException: Could not load file or assembly 'Microsoft.Bcl.AsyncInterfaces, Version=1.0.0.0, Culture=neutral, PublicKeyToken=cc7b13ffcd2ddd51'. The system cannot find the file specified.
File name: 'Microsoft.Bcl.AsyncInterfaces, Version=1.0.0.0, Culture=neutral, PublicKeyToken=cc7b13ffcd2ddd51'
 ---> System.IO.FileNotFoundException: Could not load file or assembly 'Microsoft.Bcl.AsyncInterfaces, Culture=neutral, PublicKeyToken=null'. The system cannot find the file specified.
File name: 'Microsoft.Bcl.AsyncInterfaces, Culture=neutral, PublicKeyToken=null'
   at System.Reflection.RuntimeAssembly.InternalLoad(AssemblyName assemblyName, StackCrawlMark& stackMark, AssemblyLoadContext assemblyLoadContext, RuntimeAssembly requestingAssembly, Boolean throwOnFileNotFound)
   at System.Reflection.Assembly.Load(AssemblyName assemblyRef)
   at Microsoft.VisualStudio.TestPlatform.Common.ExtensionFramework.TestPluginCache.CurrentDomainAssemblyResolve(Object sender, AssemblyResolveEventArgs args)
   at System.Runtime.Loader.AssemblyLoadContext.GetFirstResolvedAssemblyFromResolvingEvent(AssemblyName assemblyName)
   at System.Runtime.Loader.AssemblyLoadContext.ResolveUsingEvent(AssemblyName assemblyName)
   at System.Runtime.Loader.AssemblyLoadContext.ResolveUsingResolvingEvent(IntPtr gchManagedAssemblyLoadContext, AssemblyName assemblyName)
TpTrace Warning: 0 : 24952, 1, 2023/08/05, 19:23:25.868, 13027510448967, vstest.console.dll, LoaderExceptions: System.IO.FileNotFoundException: Could not load file or assembly 'Microsoft.Bcl.AsyncInterfaces, Version=1.0.0.0, Culture=neutral, PublicKeyToken=cc7b13ffcd2ddd51'. The system cannot find the file specified.
File name: 'Microsoft.Bcl.AsyncInterfaces, Version=1.0.0.0, Culture=neutral, PublicKeyToken=cc7b13ffcd2ddd51'
 ---> System.IO.FileNotFoundException: Could not load file or assembly 'Microsoft.Bcl.AsyncInterfaces, Culture=neutral, PublicKeyToken=null'. The system cannot find the file specified.
File name: 'Microsoft.Bcl.AsyncInterfaces, Culture=neutral, PublicKeyToken=null'
   at System.Reflection.RuntimeAssembly.InternalLoad(AssemblyName assemblyName, StackCrawlMark& stackMark, AssemblyLoadContext assemblyLoadContext, RuntimeAssembly requestingAssembly, Boolean throwOnFileNotFound)
   at System.Reflection.Assembly.Load(AssemblyName assemblyRef)
   at Microsoft.VisualStudio.TestPlatform.Common.ExtensionFramework.TestPluginCache.CurrentDomainAssemblyResolve(Object sender, AssemblyResolveEventArgs args)
   at System.Runtime.Loader.AssemblyLoadContext.GetFirstResolvedAssemblyFromResolvingEvent(AssemblyName assemblyName)
   at System.Runtime.Loader.AssemblyLoadContext.ResolveUsingEvent(AssemblyName assemblyName)
   at System.Runtime.Loader.AssemblyLoadContext.ResolveUsingResolvingEvent(IntPtr gchManagedAssemblyLoadContext, AssemblyName assemblyName)
TpTrace Verbose: 0 : 24952, 1, 2023/08/05, 19:23:25.868, 13027510450451, vstest.console.dll, MetadataReaderExtensionsHelper: Discovering extensions inside assembly 'Microsoft.TestPlatform.Extensions.BlameDataCollector, Version=15.0.0.0, Culture=neutral, PublicKeyToken=b03f5f7f11d50a3a' file path 'C:\Program Files\dotnet\sdk\7.0.304\Extensions\Microsoft.TestPlatform.Extensions.BlameDataCollector.dll'
TpTrace Information: 0 : 24952, 1, 2023/08/05, 19:23:25.869, 13027510459007, vstest.console.dll, GetTestExtensionFromType: Register extension with identifier data 'logger://Microsoft/TestPlatform/Extensions/Blame/v1' and type 'Microsoft.TestPlatform.Extensions.BlameDataCollector.BlameLogger, Microsoft.TestPlatform.Extensions.BlameDataCollector, Version=15.0.0.0, Culture=neutral, PublicKeyToken=b03f5f7f11d50a3a' inside file 'C:\Program Files\dotnet\sdk\7.0.304\Extensions\Microsoft.TestPlatform.Extensions.BlameDataCollector.dll'
TpTrace Verbose: 0 : 24952, 1, 2023/08/05, 19:23:25.869, 13027510460171, vstest.console.dll, MetadataReaderExtensionsHelper: Discovering extensions inside assembly 'Microsoft.TestPlatform.Extensions.EventLogCollector, Version=15.0.0.0, Culture=neutral, PublicKeyToken=b03f5f7f11d50a3a' file path 'C:\Program Files\dotnet\sdk\7.0.304\Extensions\Microsoft.TestPlatform.Extensions.EventLogCollector.dll'
TpTrace Verbose: 0 : 24952, 1, 2023/08/05, 19:23:25.870, 13027510465682, vstest.console.dll, MetadataReaderExtensionsHelper: Discovering extensions inside assembly 'Microsoft.TestPlatform.TestHostRuntimeProvider, Version=15.0.0.0, Culture=neutral, PublicKeyToken=b03f5f7f11d50a3a' file path 'C:\Program Files\dotnet\sdk\7.0.304\Extensions\Microsoft.TestPlatform.TestHostRuntimeProvider.dll'
TpTrace Verbose: 0 : 24952, 1, 2023/08/05, 19:23:25.870, 13027510471326, vstest.console.dll, MetadataReaderExtensionsHelper: Discovering extensions inside assembly 'Microsoft.VisualStudio.TestPlatform.Extensions.Html.TestLogger, Version=15.0.0.0, Culture=neutral, PublicKeyToken=b03f5f7f11d50a3a' file path 'C:\Program Files\dotnet\sdk\7.0.304\Extensions\Microsoft.VisualStudio.TestPlatform.Extensions.Html.TestLogger.dll'
TpTrace Information: 0 : 24952, 1, 2023/08/05, 19:23:25.871, 13027510480591, vstest.console.dll, GetTestExtensionFromType: Register extension with identifier data 'logger://Microsoft/TestPlatform/HtmlLogger/v1' and type 'Microsoft.VisualStudio.TestPlatform.Extensions.HtmlLogger.HtmlLogger, Microsoft.VisualStudio.TestPlatform.Extensions.Html.TestLogger, Version=15.0.0.0, Culture=neutral, PublicKeyToken=b03f5f7f11d50a3a' inside file 'C:\Program Files\dotnet\sdk\7.0.304\Extensions\Microsoft.VisualStudio.TestPlatform.Extensions.Html.TestLogger.dll'
TpTrace Verbose: 0 : 24952, 1, 2023/08/05, 19:23:25.871, 13027510481735, vstest.console.dll, MetadataReaderExtensionsHelper: Discovering extensions inside assembly 'Microsoft.VisualStudio.TestPlatform.Extensions.Trx.TestLogger, Version=15.0.0.0, Culture=neutral, PublicKeyToken=b03f5f7f11d50a3a' file path 'C:\Program Files\dotnet\sdk\7.0.304\Extensions\Microsoft.VisualStudio.TestPlatform.Extensions.Trx.TestLogger.dll'
TpTrace Information: 0 : 24952, 1, 2023/08/05, 19:23:25.872, 13027510488297, vstest.console.dll, GetTestExtensionFromType: Register extension with identifier data 'logger://Microsoft/TestPlatform/TrxLogger/v1' and type 'Microsoft.VisualStudio.TestPlatform.Extensions.TrxLogger.TrxLogger, Microsoft.VisualStudio.TestPlatform.Extensions.Trx.TestLogger, Version=15.0.0.0, Culture=neutral, PublicKeyToken=b03f5f7f11d50a3a' inside file 'C:\Program Files\dotnet\sdk\7.0.304\Extensions\Microsoft.VisualStudio.TestPlatform.Extensions.Trx.TestLogger.dll'
TpTrace Verbose: 0 : 24952, 1, 2023/08/05, 19:23:25.872, 13027510489830, vstest.console.dll, TestPluginCache: Discovered the extensions using extension path ''.
TpTrace Verbose: 0 : 24952, 1, 2023/08/05, 19:23:25.872, 13027510490495, vstest.console.dll, TestPluginCache: Discoverers are ''.
TpTrace Verbose: 0 : 24952, 1, 2023/08/05, 19:23:25.872, 13027510490911, vstest.console.dll, TestPluginCache: Executors are ''.
TpTrace Verbose: 0 : 24952, 1, 2023/08/05, 19:23:25.872, 13027510491301, vstest.console.dll, TestPluginCache: Executors2 are ''.
TpTrace Verbose: 0 : 24952, 1, 2023/08/05, 19:23:25.872, 13027510491671, vstest.console.dll, TestPluginCache: Setting providers are ''.
TpTrace Verbose: 0 : 24952, 1, 2023/08/05, 19:23:25.873, 13027510492614, vstest.console.dll, TestPluginCache: Loggers are 'logger://Microsoft/TestPlatform/Extensions/Blame/v1,logger://Microsoft/TestPlatform/HtmlLogger/v1,logger://Microsoft/TestPlatform/TrxLogger/v1'.
TpTrace Verbose: 0 : 24952, 1, 2023/08/05, 19:23:25.873, 13027510493415, vstest.console.dll, TestPluginCache: TestHosts are 'HostProvider://DefaultTestHost,HostProvider://DotnetTestHost'.
TpTrace Verbose: 0 : 24952, 1, 2023/08/05, 19:23:25.873, 13027510493954, vstest.console.dll, TestPluginCache: DataCollectors are ''.
TpTrace Information: 0 : 24952, 1, 2023/08/05, 19:23:25.874, 13027510508240, vstest.console.dll, TestPluginManager.CreateTestExtension: Attempting to load test extension: Microsoft.TestPlatform.Extensions.BlameDataCollector.BlameLogger
TpTrace Verbose: 0 : 24952, 1, 2023/08/05, 19:23:25.887, 13027510638714, vstest.console.dll, TestEngine: Initializing Parallel Execution as MaxCpuCount is set to: 1
TpTrace Information: 0 : 24952, 1, 2023/08/05, 19:23:25.890, 13027510669198, vstest.console.dll, TestPluginManager.CreateTestExtension: Attempting to load test extension: Microsoft.VisualStudio.TestPlatform.CrossPlatEngine.Hosting.DefaultTestHostManager
TpTrace Information: 0 : 24952, 1, 2023/08/05, 19:23:25.893, 13027510693991, vstest.console.dll, TestPluginManager.CreateTestExtension: Attempting to load test extension: Microsoft.VisualStudio.TestPlatform.CrossPlatEngine.Hosting.DotnetTestHostManager
TpTrace Information: 0 : 24952, 1, 2023/08/05, 19:23:25.894, 13027510709760, vstest.console.dll, InferRunSettingsHelper.IsTestSettingsEnabled: Unable to navigate to RunSettings/MSTest. Current node: RunSettings
TpTrace Verbose: 0 : 24952, 1, 2023/08/05, 19:23:25.903, 13027510801424, vstest.console.dll, TestEngine.GetExecutionManager: Chosen execution manager 'Microsoft.VisualStudio.TestPlatform.CrossPlatEngine.Client.Parallel.ParallelProxyExecutionManager, Microsoft.TestPlatform.CrossPlatEngine, Version=15.0.0.0, Culture=neutral, PublicKeyToken=b03f5f7f11d50a3a' ParallelLevel '1'.
TpTrace Verbose: 0 : 24952, 1, 2023/08/05, 19:23:25.904, 13027510804203, vstest.console.dll, TestRunRequest.ExecuteAsync: Creating test run request.
TpTrace Verbose: 0 : 24952, 1, 2023/08/05, 19:23:25.904, 13027510810193, vstest.console.dll, TestRunRequest.ExecuteAsync: Starting.
TpTrace Information: 0 : 24952, 1, 2023/08/05, 19:23:25.905, 13027510816362, vstest.console.dll, TestRunRequest.ExecuteAsync: Starting run with settings:TestRunCriteria:
   KeepAlive=False,FrequencyOfRunStatsChangeEvent=10,RunStatsChangeEventTimeout=00:00:01.5000000,TestCaseFilter=,TestExecutorLauncher=
   Settingsxml=<RunSettings>
  <RunConfiguration>
    <ResultsDirectory>C:\Users\danie\source\repos\FishingMania\Tests\FishingMania.Web.Tests\bin\Debug\net6.0\fine-code-coverage\coverage-tool-output</ResultsDirectory>
    <TargetPlatform>X64</TargetPlatform>
    <TargetFrameworkVersion>.NETCoreApp,Version=v6.0</TargetFrameworkVersion>
    <DesignMode>False</DesignMode>
    <CollectSourceInformation>False</CollectSourceInformation>
  </RunConfiguration>
  <LoggerRunSettings>
    <Loggers>
      <Logger friendlyName="blame" enabled="True" />
      <Logger friendlyName="Console" uri="logger://microsoft/TestPlatform/ConsoleLogger/v1" assemblyQualifiedName="Microsoft.VisualStudio.TestPlatform.CommandLine.Internal.ConsoleLogger, vstest.console, Version=15.0.0.0, Culture=neutral, PublicKeyToken=b03f5f7f11d50a3a" codeBase="C:\Program Files\dotnet\sdk\7.0.304\vstest.console.dll" enabled="True" />
    </Loggers>
  </LoggerRunSettings>
  <DataCollectionRunSettings>
    <DataCollectors>
      <DataCollector friendlyName="blame" enabled="True">
        <Configuration>
          <ResultsDirectory>C:\Users\danie\source\repos\FishingMania\Tests\FishingMania.Web.Tests\bin\Debug\net6.0\fine-code-coverage\coverage-tool-output</ResultsDirectory>
        </Configuration>
      </DataCollector>
    </DataCollectors>
  </DataCollectionRunSettings>
</RunSettings>

TpTrace Verbose: 0 : 24952, 1, 2023/08/05, 19:23:25.905, 13027510817757, vstest.console.dll, TestRunRequest.ExecuteAsync: Wait for the first run request is over.
TpTrace Verbose: 0 : 24952, 1, 2023/08/05, 19:23:25.906, 13027510822988, vstest.console.dll, MulticastDelegateUtilities.SafeInvoke: TestRun.TestRunStart: Invoking callbacks was skipped because there are no subscribers.
TpTrace Verbose: 0 : 24952, 4, 2023/08/05, 19:23:25.906, 13027510826485, vstest.console.dll, MulticastDelegateUtilities.SafeInvoke: InternalTestLoggerEvents.SendTestRunStart: Invoking callback 1/1 for Microsoft.VisualStudio.TestPlatform.CommandLine.Internal.ConsoleLogger., took 0 ms.
TpTrace Verbose: 0 : 24952, 1, 2023/08/05, 19:23:25.908, 13027510846420, vstest.console.dll, ParallelProxyExecutionManager: Start execution. Total sources: 1
TpTrace Verbose: 0 : 24952, 1, 2023/08/05, 19:23:25.911, 13027510875813, vstest.console.dll, TestRequestSender is acting as server.
TpTrace Verbose: 0 : 24952, 1, 2023/08/05, 19:23:25.915, 13027510919216, vstest.console.dll, ParallelOperationManager.RunWorkInParallel: Started work on a host.
TpTrace Verbose: 0 : 24952, 1, 2023/08/05, 19:23:25.917, 13027510934988, vstest.console.dll, ProxyParallelExecutionManager: No sources available for execution.
TpTrace Information: 0 : 24952, 1, 2023/08/05, 19:23:25.917, 13027510936165, vstest.console.dll, TestRunRequest.ExecuteAsync: Started.
TpTrace Verbose: 0 : 24952, 1, 2023/08/05, 19:23:25.917, 13027510937610, vstest.console.dll, TestRunRequest.WaitForCompletion: Waiting with timeout -1.
TpTrace Verbose: 0 : 24952, 5, 2023/08/05, 19:23:25.917, 13027510938581, vstest.console.dll, DataCollectionRequestSender.InitializeCommunication : Initialize communication. 
TpTrace Information: 0 : 24952, 5, 2023/08/05, 19:23:25.925, 13027511014337, vstest.console.dll, Listening on Endpoint : 127.0.0.1:59111
TpTrace Verbose: 0 : 24952, 5, 2023/08/05, 19:23:25.937, 13027511132306, vstest.console.dll, DotnetDataCollectionLauncher: Adding  --runtimeconfig "C:\Program Files\dotnet\sdk\7.0.304\datacollector.runtimeconfig.json" in args
TpTrace Verbose: 0 : 24952, 5, 2023/08/05, 19:23:25.937, 13027511134738, vstest.console.dll, DotnetDataCollectionLauncher: Adding  --depsfile "C:\Program Files\dotnet\sdk\7.0.304\datacollector.deps.json" in args
TpTrace Verbose: 0 : 24952, 5, 2023/08/05, 19:23:25.937, 13027511138059, vstest.console.dll, DotnetDataCollectionLauncher: Full path of dotnet.exe is C:\Program Files\dotnet\dotnet.exe
TpTrace Information: 0 : 24952, 5, 2023/08/05, 19:23:25.965, 13027511421463, vstest.console.dll, ProxyDataCollectionManager.Initialize: Launched datacollector processId: 33296 port: 59111
TpTrace Information: 0 : 24952, 5, 2023/08/05, 19:23:25.966, 13027511424752, vstest.console.dll, ProxyDataCollectionManager.Initialize: waiting for connection with timeout: 90 seconds
TpTrace Verbose: 0 : 24952, 5, 2023/08/05, 19:23:25.966, 13027511426855, vstest.console.dll, DataCollectionRequestSender.WaitForRequestHandlerConnection : Waiting for connection with timeout: 90000
TpTrace Information: 0 : 24952, 7, 2023/08/05, 19:23:26.293, 13027514693414, vstest.console.dll, Using the buffer size of 16384 bytes
TpTrace Verbose: 0 : 24952, 5, 2023/08/05, 19:23:26.293, 13027514693666, vstest.console.dll, SocketCommunicationManager.WaitForClientConnection took: 326 ms, with 90000 ms timeout, and finished with True.
TpTrace Information: 0 : 24952, 7, 2023/08/05, 19:23:26.293, 13027514695804, vstest.console.dll, Accepted Client request and set the flag
TpTrace Verbose: 0 : 24952, 5, 2023/08/05, 19:23:26.293, 13027514697874, vstest.console.dll, ProxyDataCollectionManager.InvokeDataCollectionServiceAction: Starting.
TpTrace Information: 0 : 24952, 5, 2023/08/05, 19:23:26.293, 13027514699208, vstest.console.dll, ProxyDataCollectionManager.BeforeTestRunStart: Get environment variable and port for datacollector processId: 33296 port: 59111
TpTrace Verbose: 0 : 24952, 5, 2023/08/05, 19:23:26.293, 13027514701420, vstest.console.dll, DataCollectionRequestSender.SendBeforeTestRunStartAndGetResult: Send BeforeTestRunStart message with settingsXml <RunSettings><RunConfiguration><ResultsDirectory>C:\Users\danie\source\repos\FishingMania\Tests\FishingMania.Web.Tests\bin\Debug\net6.0\fine-code-coverage\coverage-tool-output</ResultsDirectory><TargetPlatform>X64</TargetPlatform><TargetFrameworkVersion>.NETCoreApp,Version=v6.0</TargetFrameworkVersion><DesignMode>False</DesignMode><CollectSourceInformation>False</CollectSourceInformation><TestAdaptersPaths>C:\Program Files\dotnet\sdk\7.0.304\Extensions</TestAdaptersPaths></RunConfiguration><LoggerRunSettings><Loggers><Logger friendlyName="blame" enabled="True" /><Logger friendlyName="Console" uri="logger://microsoft/TestPlatform/ConsoleLogger/v1" assemblyQualifiedName="Microsoft.VisualStudio.TestPlatform.CommandLine.Internal.ConsoleLogger, vstest.console, Version=15.0.0.0, Culture=neutral, PublicKeyToken=b03f5f7f11d50a3a" codeBase="C:\Program Files\dotnet\sdk\7.0.304\vstest.console.dll" enabled="True" /></Loggers></LoggerRunSettings><DataCollectionRunSettings><DataCollectors><DataCollector friendlyName="blame" enabled="True"><Configuration><ResultsDirectory>C:\Users\danie\source\repos\FishingMania\Tests\FishingMania.Web.Tests\bin\Debug\net6.0\fine-code-coverage\coverage-tool-output</ResultsDirectory></Configuration></DataCollector></DataCollectors></DataCollectionRunSettings></RunSettings> and sources System.Collections.Generic.List`1[System.String]: 
TpTrace Verbose: 0 : 24952, 5, 2023/08/05, 19:23:26.435, 13027516113526, vstest.console.dll, DataCollectionRequestSender.SendBeforeTestRunStartAndGetResult: Received message: (DataCollection.SendMessage) -> {"MessageType":"DataCollection.SendMessage","Payload":{"FriendlyName":null,"Uri":null,"TestCaseId":"00000000-0000-0000-0000-000000000000","Message":"Logging DataCollector Diagnostics in file: C:\\Users\\danie\\source\\repos\\FishingMania\\Tests\\FishingMania.Web.Tests\\bin\\Debug\\net6.0\\fine-code-coverage\\coverage-tool-output\\diagnostics.datacollector.23-08-05_19-23-25_93655_5.log","Level":0}}
TpTrace Verbose: 0 : 24952, 5, 2023/08/05, 19:23:26.594, 13027517709990, vstest.console.dll, DataCollectionRequestSender.SendBeforeTestRunStartAndGetResult: Received message: (DataCollection.BeforeTestRunStartResult) -> {"MessageType":"DataCollection.BeforeTestRunStartResult","Payload":{"EnvironmentVariables":{},"DataCollectionEventsPort":59113}}
TpTrace Information: 0 : 24952, 5, 2023/08/05, 19:23:26.604, 13027517804477, vstest.console.dll, ProxyDataCollectionManager.BeforeTestRunStart: SendBeforeTestRunStartAndGetResult successful, env variable from datacollector:   and testhost port: 59113
TpTrace Information: 0 : 24952, 5, 2023/08/05, 19:23:26.604, 13027517806214, vstest.console.dll, ProxyDataCollectionManager.InvokeDataCollectionServiceAction: Completed.
TpTrace Verbose: 0 : 24952, 5, 2023/08/05, 19:23:26.604, 13027517807653, vstest.console.dll, ProxyExecutionManager: Test host is always Lazy initialize.
TpTrace Verbose: 0 : 24952, 5, 2023/08/05, 19:23:26.604, 13027517811483, vstest.console.dll, TestRequestSender.InitializeCommunication: initialize communication. 
TpTrace Information: 0 : 24952, 5, 2023/08/05, 19:23:26.605, 13027517819148, vstest.console.dll, SocketServer.Start: Listening on endpoint : 127.0.0.1:59114
TpTrace Verbose: 0 : 24952, 5, 2023/08/05, 19:23:26.606, 13027517832059, vstest.console.dll, DotnetTestHostmanager.GetTestHostProcessStartInfo: Platform environment 'X64' target architecture 'X64' framework '.NETCoreApp,Version=v6.0' OS 'Windows'
TpTrace Verbose: 0 : 24952, 5, 2023/08/05, 19:23:26.607, 13027517835795, vstest.console.dll, DotnetTestHostmanager: Adding  --runtimeconfig "C:\Users\danie\source\repos\FishingMania\Tests\FishingMania.Web.Tests\bin\Debug\net6.0\fine-code-coverage\build-output\FishingMania.Web.Tests.runtimeconfig.json" in args
TpTrace Verbose: 0 : 24952, 5, 2023/08/05, 19:23:26.607, 13027517838081, vstest.console.dll, DotnetTestHostmanager: Adding  --depsfile "C:\Users\danie\source\repos\FishingMania\Tests\FishingMania.Web.Tests\bin\Debug\net6.0\fine-code-coverage\build-output\FishingMania.Web.Tests.deps.json" in args
TpTrace Verbose: 0 : 24952, 5, 2023/08/05, 19:23:26.607, 13027517840697, vstest.console.dll, DotnetTestHostmanager.IsWinOnArm: Current PROCESSOR_ARCHITECTURE from environment variable 'AMD64'
TpTrace Verbose: 0 : 24952, 5, 2023/08/05, 19:23:26.607, 13027517841809, vstest.console.dll, DotnetTestHostmanager.IsWinOnArm: Is Windows on ARM 'False'
TpTrace Verbose: 0 : 24952, 5, 2023/08/05, 19:23:26.608, 13027517844613, vstest.console.dll, DotnetTestHostManager: testhost.exe found at path: C:\Users\danie\source\repos\FishingMania\Tests\FishingMania.Web.Tests\bin\Debug\net6.0\fine-code-coverage\build-output\testhost.exe
TpTrace Verbose: 0 : 24952, 5, 2023/08/05, 19:23:26.608, 13027517845636, vstest.console.dll, DotnetTestHostmanager: Full path of host exe is C:\Users\danie\source\repos\FishingMania\Tests\FishingMania.Web.Tests\bin\Debug\net6.0\fine-code-coverage\build-output\testhost.exe
TpTrace Verbose: 0 : 24952, 5, 2023/08/05, 19:23:26.608, 13027517847517, vstest.console.dll, DotnetTestHostmanager.LaunchTestHostAsync: Found 'VSTEST_WINAPPHOST_DOTNET_ROOT' in env variables, value 'C:\Program Files\dotnet', forwarding to 'DOTNET_ROOT'
TpTrace Verbose: 0 : 24952, 5, 2023/08/05, 19:23:26.608, 13027517850448, vstest.console.dll, DotnetTestHostManager: Starting process 'C:\Users\danie\source\repos\FishingMania\Tests\FishingMania.Web.Tests\bin\Debug\net6.0\fine-code-coverage\build-output\testhost.exe' with command line ' --runtimeconfig "C:\Users\danie\source\repos\FishingMania\Tests\FishingMania.Web.Tests\bin\Debug\net6.0\fine-code-coverage\build-output\FishingMania.Web.Tests.runtimeconfig.json" --depsfile "C:\Users\danie\source\repos\FishingMania\Tests\FishingMania.Web.Tests\bin\Debug\net6.0\fine-code-coverage\build-output\FishingMania.Web.Tests.deps.json" --port 59114 --endpoint 127.0.0.1:059114 --role client --parentprocessid 24952 --diag "C:\Users\danie\source\repos\FishingMania\Tests\FishingMania.Web.Tests\bin\Debug\net6.0\fine-code-coverage\coverage-tool-output\diagnostics.host.23-08-05_19-23-26_60632_5.log" --tracelevel 4 --datacollectionport 59113 --telemetryoptedin false'
TpTrace Verbose: 0 : 24952, 5, 2023/08/05, 19:23:26.638, 13027518148087, vstest.console.dll, MulticastDelegateUtilities.SafeInvoke: HostProviderEvents.OnHostLaunched: Invoking callback 1/2 for Microsoft.VisualStudio.TestPlatform.CrossPlatEngine.Client.ProxyExecutionManagerWithDataCollection., took 1 ms.
TpTrace Verbose: 0 : 24952, 5, 2023/08/05, 19:23:26.638, 13027518151955, vstest.console.dll, Test Runtime launched
TpTrace Verbose: 0 : 24952, 5, 2023/08/05, 19:23:26.639, 13027518153437, vstest.console.dll, MulticastDelegateUtilities.SafeInvoke: HostProviderEvents.OnHostLaunched: Invoking callback 2/2 for Microsoft.VisualStudio.TestPlatform.CrossPlatEngine.Client.ProxyOperationManager., took 0 ms.
TpTrace Verbose: 0 : 24952, 5, 2023/08/05, 19:23:26.639, 13027518155411, vstest.console.dll, TestRequestSender.WaitForRequestHandlerConnection: waiting for connection with timeout: 90000.
TpTrace Verbose: 0 : 24952, 5, 2023/08/05, 19:23:27.036, 13027522130388, vstest.console.dll, TestRequestSender.WaitForRequestHandlerConnection: waiting took 397 ms, with timeout 90000 ms, and result 0, which is success.
TpTrace Verbose: 0 : 24952, 7, 2023/08/05, 19:23:27.036, 13027522130274, vstest.console.dll, MulticastDelegateUtilities.SafeInvoke: SocketServer: ClientConnected: Invoking callback 1/1 for Microsoft.VisualStudio.TestPlatform.CommunicationUtilities.TestRequestSender., took 0 ms.
TpTrace Verbose: 0 : 24952, 7, 2023/08/05, 19:23:27.037, 13027522134382, vstest.console.dll, SocketServer.OnClientConnected: Client connected for endPoint: 127.0.0.1:59114, starting MessageLoopAsync:
TpTrace Verbose: 0 : 24952, 14, 2023/08/05, 19:23:27.037, 13027522141152, vstest.console.dll, TcpClientExtensions.MessageLoopAsync: Polling on remoteEndPoint: 127.0.0.1:59115 localEndPoint: 127.0.0.1:59114
TpTrace Verbose: 0 : 24952, 5, 2023/08/05, 19:23:27.038, 13027522151019, vstest.console.dll, TestRequestSender.CheckVersionWithTestHost: Sending check version message: {"MessageType":"ProtocolVersion","Payload":7}
TpTrace Verbose: 0 : 24952, 14, 2023/08/05, 19:23:27.282, 13027524589637, vstest.console.dll, TcpClientExtensions.MessageLoopAsync: NotifyDataAvailable remoteEndPoint: 127.0.0.1:59115 localEndPoint: 127.0.0.1:59114
TpTrace Verbose: 0 : 24952, 14, 2023/08/05, 19:23:27.283, 13027524594670, vstest.console.dll, TestRequestSender.CheckVersionWithTestHost: onMessageReceived received message: (ProtocolVersion) -> {"MessageType":"ProtocolVersion","Payload":5}
TpTrace Verbose: 0 : 24952, 14, 2023/08/05, 19:23:27.284, 13027524605565, vstest.console.dll, MulticastDelegateUtilities.SafeInvoke: LengthPrefixCommunicationChannel: MessageReceived: Invoking callback 1/1 for Microsoft.VisualStudio.TestPlatform.CommunicationUtilities.TestRequestSender+<>c__DisplayClass29_0., took 1 ms.
TpTrace Verbose: 0 : 24952, 14, 2023/08/05, 19:23:27.284, 13027524607074, vstest.console.dll, TcpClientExtensions.MessageLoopAsync: Polling on remoteEndPoint: 127.0.0.1:59115 localEndPoint: 127.0.0.1:59114
TpTrace Verbose: 0 : 24952, 5, 2023/08/05, 19:23:27.284, 13027524607079, vstest.console.dll, TestPluginCache.GetExtensionPaths: Filtered extension paths: 
TpTrace Verbose: 0 : 24952, 5, 2023/08/05, 19:23:27.284, 13027524609077, vstest.console.dll, TestPluginCache.GetExtensionPaths: Added default extension paths: C:\Program Files\dotnet\sdk\7.0.304\Extensions\Microsoft.Diagnostics.NETCore.Client.dll
C:\Program Files\dotnet\sdk\7.0.304\Extensions\Microsoft.TestPlatform.Extensions.BlameDataCollector.dll
C:\Program Files\dotnet\sdk\7.0.304\Extensions\Microsoft.TestPlatform.Extensions.EventLogCollector.dll
C:\Program Files\dotnet\sdk\7.0.304\Extensions\Microsoft.TestPlatform.TestHostRuntimeProvider.dll
C:\Program Files\dotnet\sdk\7.0.304\Extensions\Microsoft.VisualStudio.TestPlatform.Extensions.Html.TestLogger.dll
C:\Program Files\dotnet\sdk\7.0.304\Extensions\Microsoft.VisualStudio.TestPlatform.Extensions.Trx.TestLogger.dll
TpTrace Verbose: 0 : 24952, 5, 2023/08/05, 19:23:27.284, 13027524609775, vstest.console.dll, TestPluginCache.GetExtensionPaths: Added unfilterableExtensionPaths: 
TpTrace Verbose: 0 : 24952, 5, 2023/08/05, 19:23:27.290, 13027524670891, vstest.console.dll, TestRequestSender.InitializeExecution: Sending initialize execution with message: {"Version":5,"MessageType":"TestExecution.Initialize","Payload":["C:\\Users\\danie\\source\\repos\\FishingMania\\Tests\\FishingMania.Web.Tests\\bin\\Debug\\net6.0\\fine-code-coverage\\build-output\\xunit.runner.visualstudio.dotnetcore.testadapter.dll"]}
TpTrace Verbose: 0 : 24952, 5, 2023/08/05, 19:23:27.291, 13027524674141, vstest.console.dll, ParallelProxyExecutionManager: Execution started. Started clients: 1
TpTrace Verbose: 0 : 24952, 5, 2023/08/05, 19:23:27.291, 13027524678305, vstest.console.dll, TestRunRequest:SendTestRunMessage: Starting.
TpTrace Verbose: 0 : 24952, 5, 2023/08/05, 19:23:27.291, 13027524681232, vstest.console.dll, MulticastDelegateUtilities.SafeInvoke: TestRun.LogMessages: Invoking callback 1/1 for Microsoft.VisualStudio.TestPlatform.CommandLine.TestRunResultAggregator., took 0 ms.
TpTrace Information: 0 : 24952, 5, 2023/08/05, 19:23:27.291, 13027524681972, vstest.console.dll, TestRunRequest:SendTestRunMessage: Completed.
TpTrace Verbose: 0 : 24952, 4, 2023/08/05, 19:23:27.292, 13027524686442, vstest.console.dll, MulticastDelegateUtilities.SafeInvoke: InternalTestLoggerEvents.SendTestRunMessage: Invoking callback 1/1 for Microsoft.VisualStudio.TestPlatform.CommandLine.Internal.ConsoleLogger., took 0 ms.
TpTrace Warning: 0 : 24952, 5, 2023/08/05, 19:23:27.292, 13027524691889, vstest.console.dll, InferRunSettingsHelper.MakeRunsettingsCompatible: Removing the following settings: TargetPlatform from RunSettings file. To use those settings please move to latest version of Microsoft.NET.Test.Sdk
TpTrace Verbose: 0 : 24952, 14, 2023/08/05, 19:23:27.302, 13027524785965, vstest.console.dll, TcpClientExtensions.MessageLoopAsync: NotifyDataAvailable remoteEndPoint: 127.0.0.1:59115 localEndPoint: 127.0.0.1:59114
TpTrace Verbose: 0 : 24952, 14, 2023/08/05, 19:23:27.302, 13027524791483, vstest.console.dll, TestRequestSender.OnExecutionMessageReceived: Received message: {"Version":5,"MessageType":"TestSession.Message","Payload":{"MessageLevel":0,"Message":"Logging TestHost Diagnostics in file: C:\\Users\\danie\\source\\repos\\FishingMania\\Tests\\FishingMania.Web.Tests\\bin\\Debug\\net6.0\\fine-code-coverage\\coverage-tool-output\\diagnostics.host.23-08-05_19-23-26_60632_5.log"}}
TpTrace Verbose: 0 : 24952, 5, 2023/08/05, 19:23:27.305, 13027524820729, vstest.console.dll, TestRequestSender.StartTestRun: Sending test run with message: {"Version":5,"MessageType":"TestExecution.StartWithSources","Payload":{"AdapterSourceMap":{"_none_":["C:\\Users\\danie\\source\\repos\\FishingMania\\Tests\\FishingMania.Web.Tests\\bin\\Debug\\net6.0\\fine-code-coverage\\build-output\\FishingMania.Web.Tests.dll"]},"RunSettings":"<RunSettings>\r\n  <RunConfiguration>\r\n    <ResultsDirectory>C:\\Users\\danie\\source\\repos\\FishingMania\\Tests\\FishingMania.Web.Tests\\bin\\Debug\\net6.0\\fine-code-coverage\\coverage-tool-output</ResultsDirectory>\r\n    <TargetFrameworkVersion>.NETCoreApp,Version=v6.0</TargetFrameworkVersion>\r\n    <DesignMode>False</DesignMode>\r\n    <CollectSourceInformation>False</CollectSourceInformation>\r\n  </RunConfiguration>\r\n  <LoggerRunSettings>\r\n    <Loggers>\r\n      <Logger friendlyName=\"blame\" enabled=\"True\" />\r\n      <Logger friendlyName=\"Console\" uri=\"logger://microsoft/TestPlatform/ConsoleLogger/v1\" assemblyQualifiedName=\"Microsoft.VisualStudio.TestPlatform.CommandLine.Internal.ConsoleLogger, vstest.console, Version=15.0.0.0, Culture=neutral, PublicKeyToken=b03f5f7f11d50a3a\" codeBase=\"C:\\Program Files\\dotnet\\sdk\\7.0.304\\vstest.console.dll\" enabled=\"True\" />\r\n    </Loggers>\r\n  </LoggerRunSettings>\r\n  <DataCollectionRunSettings>\r\n    <DataCollectors>\r\n      <DataCollector friendlyName=\"blame\" enabled=\"True\">\r\n        <Configuration>\r\n          <ResultsDirectory>C:\\Users\\danie\\source\\repos\\FishingMania\\Tests\\FishingMania.Web.Tests\\bin\\Debug\\net6.0\\fine-code-coverage\\coverage-tool-output</ResultsDirectory>\r\n        </Configuration>\r\n      </DataCollector>\r\n    </DataCollectors>\r\n  </DataCollectionRunSettings>\r\n</RunSettings>","TestExecutionContext":{"FrequencyOfRunStatsChangeEvent":10,"RunStatsChangeEventTimeout":"00:00:01.5000000","InIsolation":false,"KeepAlive":false,"AreTestCaseLevelEventsRequired":false,"IsDebug":false,"TestCaseFilter":null,"FilterOptions":null},"Package":null}}
TpTrace Verbose: 0 : 24952, 14, 2023/08/05, 19:23:27.306, 13027524830672, vstest.console.dll, TestRunRequest:SendTestRunMessage: Starting.
TpTrace Verbose: 0 : 24952, 14, 2023/08/05, 19:23:27.307, 13027524832854, vstest.console.dll, MulticastDelegateUtilities.SafeInvoke: TestRun.LogMessages: Invoking callback 1/1 for Microsoft.VisualStudio.TestPlatform.CommandLine.TestRunResultAggregator., took 0 ms.
TpTrace Verbose: 0 : 24952, 4, 2023/08/05, 19:23:27.307, 13027524833364, vstest.console.dll, MulticastDelegateUtilities.SafeInvoke: InternalTestLoggerEvents.SendTestRunMessage: Invoking callback 1/1 for Microsoft.VisualStudio.TestPlatform.CommandLine.Internal.ConsoleLogger., took 0 ms.
TpTrace Information: 0 : 24952, 14, 2023/08/05, 19:23:27.307, 13027524834297, vstest.console.dll, TestRunRequest:SendTestRunMessage: Completed.
TpTrace Verbose: 0 : 24952, 14, 2023/08/05, 19:23:27.307, 13027524836838, vstest.console.dll, MulticastDelegateUtilities.SafeInvoke: LengthPrefixCommunicationChannel: MessageReceived: Invoking callback 1/1 for Microsoft.VisualStudio.TestPlatform.CommunicationUtilities.TestRequestSender+<>c__DisplayClass34_0., took 4 ms.
TpTrace Verbose: 0 : 24952, 14, 2023/08/05, 19:23:27.307, 13027524837811, vstest.console.dll, TcpClientExtensions.MessageLoopAsync: Polling on remoteEndPoint: 127.0.0.1:59115 localEndPoint: 127.0.0.1:59114
TpTrace Verbose: 0 : 24952, 14, 2023/08/05, 19:23:27.612, 13027527885354, vstest.console.dll, TcpClientExtensions.MessageLoopAsync: NotifyDataAvailable remoteEndPoint: 127.0.0.1:59115 localEndPoint: 127.0.0.1:59114
TpTrace Verbose: 0 : 24952, 14, 2023/08/05, 19:23:27.612, 13027527887558, vstest.console.dll, TestRequestSender.OnExecutionMessageReceived: Received message: {"Version":5,"MessageType":"TestSession.Message","Payload":{"MessageLevel":0,"Message":"[xUnit.net 00:00:00.01] xUnit.net VSTest Adapter v2.4.3+1b45f5407b (64-bit .NET 6.0.18)"}}
TpTrace Verbose: 0 : 24952, 14, 2023/08/05, 19:23:27.612, 13027527891735, vstest.console.dll, TestRunRequest:SendTestRunMessage: Starting.
TpTrace Verbose: 0 : 24952, 14, 2023/08/05, 19:23:27.613, 13027527893826, vstest.console.dll, MulticastDelegateUtilities.SafeInvoke: TestRun.LogMessages: Invoking callback 1/1 for Microsoft.VisualStudio.TestPlatform.CommandLine.TestRunResultAggregator., took 0 ms.
TpTrace Verbose: 0 : 24952, 4, 2023/08/05, 19:23:27.613, 13027527894155, vstest.console.dll, MulticastDelegateUtilities.SafeInvoke: InternalTestLoggerEvents.SendTestRunMessage: Invoking callback 1/1 for Microsoft.VisualStudio.TestPlatform.CommandLine.Internal.ConsoleLogger., took 0 ms.
TpTrace Information: 0 : 24952, 14, 2023/08/05, 19:23:27.613, 13027527894896, vstest.console.dll, TestRunRequest:SendTestRunMessage: Completed.
TpTrace Verbose: 0 : 24952, 14, 2023/08/05, 19:23:27.613, 13027527897192, vstest.console.dll, MulticastDelegateUtilities.SafeInvoke: LengthPrefixCommunicationChannel: MessageReceived: Invoking callback 1/1 for Microsoft.VisualStudio.TestPlatform.CommunicationUtilities.TestRequestSender+<>c__DisplayClass34_0., took 0 ms.
TpTrace Verbose: 0 : 24952, 14, 2023/08/05, 19:23:27.613, 13027527898020, vstest.console.dll, TcpClientExtensions.MessageLoopAsync: Polling on remoteEndPoint: 127.0.0.1:59115 localEndPoint: 127.0.0.1:59114
TpTrace Verbose: 0 : 24952, 14, 2023/08/05, 19:23:28.628, 13027538042982, vstest.console.dll, TcpClientExtensions.MessageLoopAsync: Polling on remoteEndPoint: 127.0.0.1:59115 localEndPoint: 127.0.0.1:59114
TpTrace Verbose: 0 : 24952, 14, 2023/08/05, 19:23:29.640, 13027548162614, vstest.console.dll, TcpClientExtensions.MessageLoopAsync: Polling on remoteEndPoint: 127.0.0.1:59115 localEndPoint: 127.0.0.1:59114
TpTrace Verbose: 0 : 24952, 14, 2023/08/05, 19:23:30.640, 13027558167907, vstest.console.dll, TcpClientExtensions.MessageLoopAsync: Polling on remoteEndPoint: 127.0.0.1:59115 localEndPoint: 127.0.0.1:59114
TpTrace Verbose: 0 : 24952, 14, 2023/08/05, 19:23:31.651, 13027568274696, vstest.console.dll, TcpClientExtensions.MessageLoopAsync: Polling on remoteEndPoint: 127.0.0.1:59115 localEndPoint: 127.0.0.1:59114
TpTrace Verbose: 0 : 24952, 14, 2023/08/05, 19:23:32.665, 13027578415175, vstest.console.dll, TcpClientExtensions.MessageLoopAsync: Polling on remoteEndPoint: 127.0.0.1:59115 localEndPoint: 127.0.0.1:59114
TpTrace Verbose: 0 : 24952, 14, 2023/08/05, 19:23:33.678, 13027588549462, vstest.console.dll, TcpClientExtensions.MessageLoopAsync: Polling on remoteEndPoint: 127.0.0.1:59115 localEndPoint: 127.0.0.1:59114
TpTrace Verbose: 0 : 24952, 14, 2023/08/05, 19:23:34.689, 13027598653948, vstest.console.dll, TcpClientExtensions.MessageLoopAsync: Polling on remoteEndPoint: 127.0.0.1:59115 localEndPoint: 127.0.0.1:59114
TpTrace Verbose: 0 : 24952, 14, 2023/08/05, 19:23:35.689, 13027608661017, vstest.console.dll, TcpClientExtensions.MessageLoopAsync: Polling on remoteEndPoint: 127.0.0.1:59115 localEndPoint: 127.0.0.1:59114
TpTrace Verbose: 0 : 24952, 14, 2023/08/05, 19:23:36.693, 13027618699969, vstest.console.dll, TcpClientExtensions.MessageLoopAsync: Polling on remoteEndPoint: 127.0.0.1:59115 localEndPoint: 127.0.0.1:59114
TpTrace Verbose: 0 : 24952, 14, 2023/08/05, 19:23:37.705, 13027628815389, vstest.console.dll, TcpClientExtensions.MessageLoopAsync: Polling on remoteEndPoint: 127.0.0.1:59115 localEndPoint: 127.0.0.1:59114
TpTrace Verbose: 0 : 24952, 14, 2023/08/05, 19:23:38.706, 13027638827056, vstest.console.dll, TcpClientExtensions.MessageLoopAsync: Polling on remoteEndPoint: 127.0.0.1:59115 localEndPoint: 127.0.0.1:59114
TpTrace Verbose: 0 : 24952, 14, 2023/08/05, 19:23:38.790, 13027639665022, vstest.console.dll, TcpClientExtensions.MessageLoopAsync: NotifyDataAvailable remoteEndPoint: 127.0.0.1:59115 localEndPoint: 127.0.0.1:59114
TpTrace Verbose: 0 : 24952, 14, 2023/08/05, 19:23:38.790, 13027639668538, vstest.console.dll, TestRequestSender.OnExecutionMessageReceived: Received message: {"Version":5,"MessageType":"TestSession.Message","Payload":{"MessageLevel":0,"Message":"[xUnit.net 00:00:11.19]   Discovering: FishingMania.Web.Tests"}}
TpTrace Verbose: 0 : 24952, 14, 2023/08/05, 19:23:38.791, 13027639674590, vstest.console.dll, TestRunRequest:SendTestRunMessage: Starting.
TpTrace Verbose: 0 : 24952, 14, 2023/08/05, 19:23:38.791, 13027639676410, vstest.console.dll, MulticastDelegateUtilities.SafeInvoke: TestRun.LogMessages: Invoking callback 1/1 for Microsoft.VisualStudio.TestPlatform.CommandLine.TestRunResultAggregator., took 0 ms.
TpTrace Verbose: 0 : 24952, 4, 2023/08/05, 19:23:38.791, 13027639676985, vstest.console.dll, MulticastDelegateUtilities.SafeInvoke: InternalTestLoggerEvents.SendTestRunMessage: Invoking callback 1/1 for Microsoft.VisualStudio.TestPlatform.CommandLine.Internal.ConsoleLogger., took 0 ms.
TpTrace Information: 0 : 24952, 14, 2023/08/05, 19:23:38.791, 13027639677277, vstest.console.dll, TestRunRequest:SendTestRunMessage: Completed.
TpTrace Verbose: 0 : 24952, 14, 2023/08/05, 19:23:38.791, 13027639680031, vstest.console.dll, MulticastDelegateUtilities.SafeInvoke: LengthPrefixCommunicationChannel: MessageReceived: Invoking callback 1/1 for Microsoft.VisualStudio.TestPlatform.CommunicationUtilities.TestRequestSender+<>c__DisplayClass34_0., took 1 ms.
TpTrace Verbose: 0 : 24952, 14, 2023/08/05, 19:23:38.791, 13027639680746, vstest.console.dll, TcpClientExtensions.MessageLoopAsync: Polling on remoteEndPoint: 127.0.0.1:59115 localEndPoint: 127.0.0.1:59114
TpTrace Verbose: 0 : 24952, 14, 2023/08/05, 19:23:38.850, 13027640267723, vstest.console.dll, TcpClientExtensions.MessageLoopAsync: NotifyDataAvailable remoteEndPoint: 127.0.0.1:59115 localEndPoint: 127.0.0.1:59114
TpTrace Verbose: 0 : 24952, 14, 2023/08/05, 19:23:38.850, 13027640270967, vstest.console.dll, TestRequestSender.OnExecutionMessageReceived: Received message: {"Version":5,"MessageType":"TestSession.Message","Payload":{"MessageLevel":0,"Message":"[xUnit.net 00:00:11.25]   Discovered:  FishingMania.Web.Tests"}}
TpTrace Verbose: 0 : 24952, 14, 2023/08/05, 19:23:38.851, 13027640274244, vstest.console.dll, TestRunRequest:SendTestRunMessage: Starting.
TpTrace Verbose: 0 : 24952, 14, 2023/08/05, 19:23:38.851, 13027640275910, vstest.console.dll, MulticastDelegateUtilities.SafeInvoke: TestRun.LogMessages: Invoking callback 1/1 for Microsoft.VisualStudio.TestPlatform.CommandLine.TestRunResultAggregator., took 0 ms.
TpTrace Verbose: 0 : 24952, 4, 2023/08/05, 19:23:38.851, 13027640276555, vstest.console.dll, MulticastDelegateUtilities.SafeInvoke: InternalTestLoggerEvents.SendTestRunMessage: Invoking callback 1/1 for Microsoft.VisualStudio.TestPlatform.CommandLine.Internal.ConsoleLogger., took 0 ms.
TpTrace Information: 0 : 24952, 14, 2023/08/05, 19:23:38.851, 13027640276792, vstest.console.dll, TestRunRequest:SendTestRunMessage: Completed.
TpTrace Verbose: 0 : 24952, 14, 2023/08/05, 19:23:38.851, 13027640279147, vstest.console.dll, MulticastDelegateUtilities.SafeInvoke: LengthPrefixCommunicationChannel: MessageReceived: Invoking callback 1/1 for Microsoft.VisualStudio.TestPlatform.CommunicationUtilities.TestRequestSender+<>c__DisplayClass34_0., took 0 ms.
TpTrace Verbose: 0 : 24952, 14, 2023/08/05, 19:23:38.851, 13027640280217, vstest.console.dll, TcpClientExtensions.MessageLoopAsync: Polling on remoteEndPoint: 127.0.0.1:59115 localEndPoint: 127.0.0.1:59114
TpTrace Verbose: 0 : 24952, 14, 2023/08/05, 19:23:38.854, 13027640305735, vstest.console.dll, TcpClientExtensions.MessageLoopAsync: NotifyDataAvailable remoteEndPoint: 127.0.0.1:59115 localEndPoint: 127.0.0.1:59114
TpTrace Verbose: 0 : 24952, 14, 2023/08/05, 19:23:38.854, 13027640307223, vstest.console.dll, TestRequestSender.OnExecutionMessageReceived: Received message: {"Version":5,"MessageType":"TestSession.Message","Payload":{"MessageLevel":0,"Message":"[xUnit.net 00:00:11.26]   Starting:    FishingMania.Web.Tests"}}
TpTrace Verbose: 0 : 24952, 14, 2023/08/05, 19:23:38.854, 13027640308846, vstest.console.dll, TestRunRequest:SendTestRunMessage: Starting.
TpTrace Verbose: 0 : 24952, 14, 2023/08/05, 19:23:38.854, 13027640310075, vstest.console.dll, MulticastDelegateUtilities.SafeInvoke: TestRun.LogMessages: Invoking callback 1/1 for Microsoft.VisualStudio.TestPlatform.CommandLine.TestRunResultAggregator., took 0 ms.
TpTrace Verbose: 0 : 24952, 4, 2023/08/05, 19:23:38.854, 13027640310390, vstest.console.dll, MulticastDelegateUtilities.SafeInvoke: InternalTestLoggerEvents.SendTestRunMessage: Invoking callback 1/1 for Microsoft.VisualStudio.TestPlatform.CommandLine.Internal.ConsoleLogger., took 0 ms.
TpTrace Information: 0 : 24952, 14, 2023/08/05, 19:23:38.854, 13027640312010, vstest.console.dll, TestRunRequest:SendTestRunMessage: Completed.
TpTrace Verbose: 0 : 24952, 14, 2023/08/05, 19:23:38.855, 13027640313045, vstest.console.dll, MulticastDelegateUtilities.SafeInvoke: LengthPrefixCommunicationChannel: MessageReceived: Invoking callback 1/1 for Microsoft.VisualStudio.TestPlatform.CommunicationUtilities.TestRequestSender+<>c__DisplayClass34_0., took 0 ms.
TpTrace Verbose: 0 : 24952, 14, 2023/08/05, 19:23:38.855, 13027640314094, vstest.console.dll, TcpClientExtensions.MessageLoopAsync: Polling on remoteEndPoint: 127.0.0.1:59115 localEndPoint: 127.0.0.1:59114
TpTrace Verbose: 0 : 24952, 14, 2023/08/05, 19:23:38.986, 13027641631699, vstest.console.dll, TcpClientExtensions.MessageLoopAsync: NotifyDataAvailable remoteEndPoint: 127.0.0.1:59115 localEndPoint: 127.0.0.1:59114
TpTrace Verbose: 0 : 24952, 14, 2023/08/05, 19:23:38.987, 13027641636069, vstest.console.dll, TestRequestSender.OnExecutionMessageReceived: Received message: {"Version":5,"MessageType":"TestExecution.StatsChange","Payload":{"NewTestResults":[],"TestRunStatistics":{"ExecutedTests":0,"Stats":{}},"ActiveTests":[{"Id":"1273f71e-359e-196b-456b-b6b1c0762860","FullyQualifiedName":"FishingMania.Web.Tests.WebTests.AccountManagePageRequiresAuthorization","DisplayName":"FishingMania.Web.Tests.WebTests.AccountManagePageRequiresAuthorization","ExecutorUri":"executor://xunit/VsTestRunner2/netcoreapp","Source":"C:\\Users\\danie\\source\\repos\\FishingMania\\Tests\\FishingMania.Web.Tests\\bin\\Debug\\net6.0\\fine-code-coverage\\build-output\\FishingMania.Web.Tests.dll","CodeFilePath":null,"LineNumber":0,"Properties":[]}]}}
TpTrace Verbose: 0 : 24952, 14, 2023/08/05, 19:23:39.010, 13027641867000, vstest.console.dll, TestRunRequest:SendTestRunStatsChange: Starting.
TpTrace Verbose: 0 : 24952, 14, 2023/08/05, 19:23:39.010, 13027641869909, vstest.console.dll, InProgress is FishingMania.Web.Tests.WebTests.AccountManagePageRequiresAuthorization
TpTrace Verbose: 0 : 24952, 14, 2023/08/05, 19:23:39.010, 13027641871769, vstest.console.dll, MulticastDelegateUtilities.SafeInvoke: TestRun.RunStatsChanged: Invoking callbacks was skipped because there are no subscribers.
TpTrace Information: 0 : 24952, 14, 2023/08/05, 19:23:39.011, 13027641872664, vstest.console.dll, TestRunRequest:SendTestRunStatsChange: Completed.
TpTrace Verbose: 0 : 24952, 14, 2023/08/05, 19:23:39.011, 13027641873452, vstest.console.dll, MulticastDelegateUtilities.SafeInvoke: LengthPrefixCommunicationChannel: MessageReceived: Invoking callback 1/1 for Microsoft.VisualStudio.TestPlatform.CommunicationUtilities.TestRequestSender+<>c__DisplayClass34_0., took 23 ms.
TpTrace Verbose: 0 : 24952, 14, 2023/08/05, 19:23:39.011, 13027641874712, vstest.console.dll, TcpClientExtensions.MessageLoopAsync: Polling on remoteEndPoint: 127.0.0.1:59115 localEndPoint: 127.0.0.1:59114
TpTrace Verbose: 0 : 24952, 14, 2023/08/05, 19:23:39.028, 13027642042894, vstest.console.dll, TcpClientExtensions.MessageLoopAsync: NotifyDataAvailable remoteEndPoint: 127.0.0.1:59115 localEndPoint: 127.0.0.1:59114
TpTrace Verbose: 0 : 24952, 14, 2023/08/05, 19:23:39.028, 13027642045910, vstest.console.dll, TestRequestSender.OnExecutionMessageReceived: Received message: {"Version":5,"MessageType":"TestSession.Message","Payload":{"MessageLevel":1,"Message":"[xUnit.net 00:00:11.43]     FishingMania.Web.Tests.WebTests.AccountManagePageRequiresAuthorization [SKIP]"}}
TpTrace Verbose: 0 : 24952, 14, 2023/08/05, 19:23:39.028, 13027642049898, vstest.console.dll, TestRunRequest:SendTestRunMessage: Starting.
TpTrace Verbose: 0 : 24952, 14, 2023/08/05, 19:23:39.028, 13027642051318, vstest.console.dll, MulticastDelegateUtilities.SafeInvoke: TestRun.LogMessages: Invoking callback 1/1 for Microsoft.VisualStudio.TestPlatform.CommandLine.TestRunResultAggregator., took 0 ms.
TpTrace Information: 0 : 24952, 14, 2023/08/05, 19:23:39.028, 13027642051835, vstest.console.dll, TestRunRequest:SendTestRunMessage: Completed.
TpTrace Verbose: 0 : 24952, 14, 2023/08/05, 19:23:39.029, 13027642052306, vstest.console.dll, MulticastDelegateUtilities.SafeInvoke: LengthPrefixCommunicationChannel: MessageReceived: Invoking callback 1/1 for Microsoft.VisualStudio.TestPlatform.CommunicationUtilities.TestRequestSender+<>c__DisplayClass34_0., took 0 ms.
TpTrace Verbose: 0 : 24952, 14, 2023/08/05, 19:23:39.029, 13027642052846, vstest.console.dll, TcpClientExtensions.MessageLoopAsync: Polling on remoteEndPoint: 127.0.0.1:59115 localEndPoint: 127.0.0.1:59114
TpTrace Verbose: 0 : 24952, 14, 2023/08/05, 19:23:39.029, 13027642053373, vstest.console.dll, TcpClientExtensions.MessageLoopAsync: NotifyDataAvailable remoteEndPoint: 127.0.0.1:59115 localEndPoint: 127.0.0.1:59114
TpTrace Verbose: 0 : 24952, 14, 2023/08/05, 19:23:39.029, 13027642054005, vstest.console.dll, TestRequestSender.OnExecutionMessageReceived: Received message: {"Version":5,"MessageType":"TestSession.Message","Payload":{"MessageLevel":0,"Message":"[xUnit.net 00:00:11.43]       Example test. Disabled for CI."}}
TpTrace Verbose: 0 : 24952, 4, 2023/08/05, 19:23:39.029, 13027642054434, vstest.console.dll, MulticastDelegateUtilities.SafeInvoke: InternalTestLoggerEvents.SendTestRunMessage: Invoking callback 1/1 for Microsoft.VisualStudio.TestPlatform.CommandLine.Internal.ConsoleLogger., took 0 ms.
TpTrace Verbose: 0 : 24952, 14, 2023/08/05, 19:23:39.029, 13027642054981, vstest.console.dll, TestRunRequest:SendTestRunMessage: Starting.
TpTrace Verbose: 0 : 24952, 14, 2023/08/05, 19:23:39.029, 13027642056008, vstest.console.dll, MulticastDelegateUtilities.SafeInvoke: TestRun.LogMessages: Invoking callback 1/1 for Microsoft.VisualStudio.TestPlatform.CommandLine.TestRunResultAggregator., took 0 ms.
TpTrace Information: 0 : 24952, 14, 2023/08/05, 19:23:39.029, 13027642056431, vstest.console.dll, TestRunRequest:SendTestRunMessage: Completed.
TpTrace Verbose: 0 : 24952, 4, 2023/08/05, 19:23:39.029, 13027642056458, vstest.console.dll, MulticastDelegateUtilities.SafeInvoke: InternalTestLoggerEvents.SendTestRunMessage: Invoking callback 1/1 for Microsoft.VisualStudio.TestPlatform.CommandLine.Internal.ConsoleLogger., took 0 ms.
TpTrace Verbose: 0 : 24952, 14, 2023/08/05, 19:23:39.029, 13027642056884, vstest.console.dll, MulticastDelegateUtilities.SafeInvoke: LengthPrefixCommunicationChannel: MessageReceived: Invoking callback 1/1 for Microsoft.VisualStudio.TestPlatform.CommunicationUtilities.TestRequestSender+<>c__DisplayClass34_0., took 0 ms.
TpTrace Verbose: 0 : 24952, 14, 2023/08/05, 19:23:39.029, 13027642058717, vstest.console.dll, TcpClientExtensions.MessageLoopAsync: Polling on remoteEndPoint: 127.0.0.1:59115 localEndPoint: 127.0.0.1:59114
TpTrace Verbose: 0 : 24952, 14, 2023/08/05, 19:23:39.070, 13027642470327, vstest.console.dll, TcpClientExtensions.MessageLoopAsync: NotifyDataAvailable remoteEndPoint: 127.0.0.1:59115 localEndPoint: 127.0.0.1:59114
TpTrace Verbose: 0 : 24952, 14, 2023/08/05, 19:23:39.071, 13027642473173, vstest.console.dll, TestRequestSender.OnExecutionMessageReceived: Received message: {"Version":5,"MessageType":"TestSession.Message","Payload":{"MessageLevel":1,"Message":"[xUnit.net 00:00:11.47]     FishingMania.Web.Tests.WebTests.IndexPageShouldReturnStatusCode200WithTitle [SKIP]"}}
TpTrace Verbose: 0 : 24952, 14, 2023/08/05, 19:23:39.071, 13027642476163, vstest.console.dll, TestRunRequest:SendTestRunMessage: Starting.
TpTrace Verbose: 0 : 24952, 14, 2023/08/05, 19:23:39.071, 13027642478201, vstest.console.dll, MulticastDelegateUtilities.SafeInvoke: TestRun.LogMessages: Invoking callback 1/1 for Microsoft.VisualStudio.TestPlatform.CommandLine.TestRunResultAggregator., took 0 ms.
TpTrace Information: 0 : 24952, 14, 2023/08/05, 19:23:39.071, 13027642479181, vstest.console.dll, TestRunRequest:SendTestRunMessage: Completed.
TpTrace Verbose: 0 : 24952, 4, 2023/08/05, 19:23:39.071, 13027642480121, vstest.console.dll, MulticastDelegateUtilities.SafeInvoke: InternalTestLoggerEvents.SendTestRunMessage: Invoking callback 1/1 for Microsoft.VisualStudio.TestPlatform.CommandLine.Internal.ConsoleLogger., took 0 ms.
TpTrace Verbose: 0 : 24952, 14, 2023/08/05, 19:23:39.071, 13027642480068, vstest.console.dll, MulticastDelegateUtilities.SafeInvoke: LengthPrefixCommunicationChannel: MessageReceived: Invoking callback 1/1 for Microsoft.VisualStudio.TestPlatform.CommunicationUtilities.TestRequestSender+<>c__DisplayClass34_0., took 0 ms.
TpTrace Verbose: 0 : 24952, 14, 2023/08/05, 19:23:39.072, 13027642482853, vstest.console.dll, TcpClientExtensions.MessageLoopAsync: Polling on remoteEndPoint: 127.0.0.1:59115 localEndPoint: 127.0.0.1:59114
TpTrace Verbose: 0 : 24952, 14, 2023/08/05, 19:23:39.072, 13027642483924, vstest.console.dll, TcpClientExtensions.MessageLoopAsync: NotifyDataAvailable remoteEndPoint: 127.0.0.1:59115 localEndPoint: 127.0.0.1:59114
TpTrace Verbose: 0 : 24952, 14, 2023/08/05, 19:23:39.072, 13027642485115, vstest.console.dll, TestRequestSender.OnExecutionMessageReceived: Received message: {"Version":5,"MessageType":"TestSession.Message","Payload":{"MessageLevel":0,"Message":"[xUnit.net 00:00:11.47]       Example test. Disabled for CI."}}
TpTrace Verbose: 0 : 24952, 14, 2023/08/05, 19:23:39.072, 13027642486947, vstest.console.dll, TestRunRequest:SendTestRunMessage: Starting.
TpTrace Verbose: 0 : 24952, 14, 2023/08/05, 19:23:39.072, 13027642487902, vstest.console.dll, MulticastDelegateUtilities.SafeInvoke: TestRun.LogMessages: Invoking callback 1/1 for Microsoft.VisualStudio.TestPlatform.CommandLine.TestRunResultAggregator., took 0 ms.
TpTrace Information: 0 : 24952, 14, 2023/08/05, 19:23:39.072, 13027642488880, vstest.console.dll, TestRunRequest:SendTestRunMessage: Completed.
TpTrace Verbose: 0 : 24952, 4, 2023/08/05, 19:23:39.072, 13027642488263, vstest.console.dll, MulticastDelegateUtilities.SafeInvoke: InternalTestLoggerEvents.SendTestRunMessage: Invoking callback 1/1 for Microsoft.VisualStudio.TestPlatform.CommandLine.Internal.ConsoleLogger., took 0 ms.
TpTrace Verbose: 0 : 24952, 14, 2023/08/05, 19:23:39.072, 13027642489833, vstest.console.dll, MulticastDelegateUtilities.SafeInvoke: LengthPrefixCommunicationChannel: MessageReceived: Invoking callback 1/1 for Microsoft.VisualStudio.TestPlatform.CommunicationUtilities.TestRequestSender+<>c__DisplayClass34_0., took 0 ms.
TpTrace Verbose: 0 : 24952, 14, 2023/08/05, 19:23:39.072, 13027642491874, vstest.console.dll, TcpClientExtensions.MessageLoopAsync: Polling on remoteEndPoint: 127.0.0.1:59115 localEndPoint: 127.0.0.1:59114
TpTrace Verbose: 0 : 24952, 14, 2023/08/05, 19:23:39.076, 13027642527381, vstest.console.dll, TcpClientExtensions.MessageLoopAsync: NotifyDataAvailable remoteEndPoint: 127.0.0.1:59115 localEndPoint: 127.0.0.1:59114
TpTrace Verbose: 0 : 24952, 14, 2023/08/05, 19:23:39.076, 13027642529026, vstest.console.dll, TestRequestSender.OnExecutionMessageReceived: Received message: {"Version":5,"MessageType":"TestSession.Message","Payload":{"MessageLevel":0,"Message":"[xUnit.net 00:00:11.48]   Finished:    FishingMania.Web.Tests"}}
TpTrace Verbose: 0 : 24952, 14, 2023/08/05, 19:23:39.076, 13027642531042, vstest.console.dll, TestRunRequest:SendTestRunMessage: Starting.
TpTrace Verbose: 0 : 24952, 14, 2023/08/05, 19:23:39.077, 13027642532589, vstest.console.dll, MulticastDelegateUtilities.SafeInvoke: TestRun.LogMessages: Invoking callback 1/1 for Microsoft.VisualStudio.TestPlatform.CommandLine.TestRunResultAggregator., took 0 ms.
TpTrace Verbose: 0 : 24952, 4, 2023/08/05, 19:23:39.077, 13027642533105, vstest.console.dll, MulticastDelegateUtilities.SafeInvoke: InternalTestLoggerEvents.SendTestRunMessage: Invoking callback 1/1 for Microsoft.VisualStudio.TestPlatform.CommandLine.Internal.ConsoleLogger., took 0 ms.
TpTrace Information: 0 : 24952, 14, 2023/08/05, 19:23:39.077, 13027642533457, vstest.console.dll, TestRunRequest:SendTestRunMessage: Completed.
TpTrace Verbose: 0 : 24952, 14, 2023/08/05, 19:23:39.077, 13027642535881, vstest.console.dll, MulticastDelegateUtilities.SafeInvoke: LengthPrefixCommunicationChannel: MessageReceived: Invoking callback 1/1 for Microsoft.VisualStudio.TestPlatform.CommunicationUtilities.TestRequestSender+<>c__DisplayClass34_0., took 0 ms.
TpTrace Verbose: 0 : 24952, 14, 2023/08/05, 19:23:39.077, 13027642536870, vstest.console.dll, TcpClientExtensions.MessageLoopAsync: Polling on remoteEndPoint: 127.0.0.1:59115 localEndPoint: 127.0.0.1:59114
TpTrace Verbose: 0 : 24952, 14, 2023/08/05, 19:23:39.120, 13027642967771, vstest.console.dll, TcpClientExtensions.MessageLoopAsync: NotifyDataAvailable remoteEndPoint: 127.0.0.1:59115 localEndPoint: 127.0.0.1:59114
TpTrace Verbose: 0 : 24952, 14, 2023/08/05, 19:23:39.120, 13027642971753, vstest.console.dll, TestRequestSender.OnExecutionMessageReceived: Received message: {"Version":5,"MessageType":"TestExecution.Completed","Payload":{"TestRunCompleteArgs":{"TestRunStatistics":{"ExecutedTests":2,"Stats":{"Skipped":2}},"IsCanceled":false,"IsAborted":false,"Error":null,"AttachmentSets":[],"ElapsedTimeInRunningTests":"00:00:11.5056472","Metrics":{}},"LastRunTests":{"NewTestResults":[{"TestCase":{"Id":"1273f71e-359e-196b-456b-b6b1c0762860","FullyQualifiedName":"FishingMania.Web.Tests.WebTests.AccountManagePageRequiresAuthorization","DisplayName":"FishingMania.Web.Tests.WebTests.AccountManagePageRequiresAuthorization","ExecutorUri":"executor://xunit/VsTestRunner2/netcoreapp","Source":"C:\\Users\\danie\\source\\repos\\FishingMania\\Tests\\FishingMania.Web.Tests\\bin\\Debug\\net6.0\\fine-code-coverage\\build-output\\FishingMania.Web.Tests.dll","CodeFilePath":null,"LineNumber":0,"Properties":[]},"Attachments":[],"Outcome":3,"ErrorMessage":null,"ErrorStackTrace":null,"DisplayName":"FishingMania.Web.Tests.WebTests.AccountManagePageRequiresAuthorization","Messages":[{"Category":"StdOutMsgs","Text":"Example test. Disabled for CI."}],"ComputerName":"NADAN4OLAPTOPA","Duration":"00:00:00.0010000","StartTime":"2023-08-05T16:23:39.0302092+00:00","EndTime":"2023-08-05T16:23:39.0302443+00:00","Properties":[]},{"TestCase":{"Id":"8f81f17a-948b-fbe5-91d2-28da07feb066","FullyQualifiedName":"FishingMania.Web.Tests.WebTests.IndexPageShouldReturnStatusCode200WithTitle","DisplayName":"FishingMania.Web.Tests.WebTests.IndexPageShouldReturnStatusCode200WithTitle","ExecutorUri":"executor://xunit/VsTestRunner2/netcoreapp","Source":"C:\\Users\\danie\\source\\repos\\FishingMania\\Tests\\FishingMania.Web.Tests\\bin\\Debug\\net6.0\\fine-code-coverage\\build-output\\FishingMania.Web.Tests.dll","CodeFilePath":null,"LineNumber":0,"Properties":[]},"Attachments":[],"Outcome":3,"ErrorMessage":null,"ErrorStackTrace":null,"DisplayName":"FishingMania.Web.Tests.WebTests.IndexPageShouldReturnStatusCode200WithTitle","Messages":[{"Category":"StdOutMsgs","Text":"Example test. Disabled for CI."}],"ComputerName":"NADAN4OLAPTOPA","Duration":"00:00:00.0010000","StartTime":"2023-08-05T16:23:39.0711501+00:00","EndTime":"2023-08-05T16:23:39.0711504+00:00","Properties":[]}],"TestRunStatistics":{"ExecutedTests":2,"Stats":{"Skipped":2}},"ActiveTests":[]},"RunAttachments":[],"ExecutorUris":["executor://xunit/VsTestRunner2/netcoreapp"]}}
TpTrace Verbose: 0 : 24952, 14, 2023/08/05, 19:23:39.121, 13027642973780, vstest.console.dll, TestRequestSender.EndSession: Sending end session.
TpTrace Verbose: 0 : 24952, 14, 2023/08/05, 19:23:39.121, 13027642977234, vstest.console.dll, ProxyOperationManager.Close: waiting for test host to exit for 100 ms
TpTrace Warning: 0 : 24952, 12, 2023/08/05, 19:23:39.140, 13027643163687, vstest.console.dll, TestHostManagerCallbacks.ErrorReceivedCallback Test host standard error line: 
TpTrace Verbose: 0 : 24952, 12, 2023/08/05, 19:23:39.196, 13027643726526, vstest.console.dll, TestHostProvider.ExitCallBack: Host exited starting callback.
TpTrace Information: 0 : 24952, 12, 2023/08/05, 19:23:39.196, 13027643730144, vstest.console.dll, TestHostManagerCallbacks.ExitCallBack: Testhost processId: 856 exited with exitcode: 0 error: ''
TpTrace Verbose: 0 : 24952, 12, 2023/08/05, 19:23:39.196, 13027643730981, vstest.console.dll, DotnetTestHostManager.OnHostExited: invoking OnHostExited callback
TpTrace Verbose: 0 : 24952, 12, 2023/08/05, 19:23:39.196, 13027643732073, vstest.console.dll, CrossPlatEngine.TestHostManagerHostExited: calling on client process exit callback.
TpTrace Information: 0 : 24952, 12, 2023/08/05, 19:23:39.197, 13027643733078, vstest.console.dll, TestRequestSender.OnClientProcessExit: Test host process exited. Standard error: 
TpTrace Information: 0 : 24952, 12, 2023/08/05, 19:23:39.197, 13027643734145, vstest.console.dll, SocketServer.Stop: Stop server endPoint: 127.0.0.1:59114
TpTrace Information: 0 : 24952, 12, 2023/08/05, 19:23:39.197, 13027643734937, vstest.console.dll, SocketServer.Stop: Cancellation requested. Stopping message loop.
TpTrace Information: 0 : 24952, 14, 2023/08/05, 19:23:39.197, 13027643735023, vstest.console.dll, SocketServer.Stop: Stop server endPoint: 127.0.0.1:59114
TpTrace Information: 0 : 24952, 14, 2023/08/05, 19:23:39.197, 13027643736793, vstest.console.dll, SocketServer.Stop: Cancellation requested. Stopping message loop.
TpTrace Verbose: 0 : 24952, 12, 2023/08/05, 19:23:39.197, 13027643736832, vstest.console.dll, MulticastDelegateUtilities.SafeInvoke: HostProviderEvents.OnHostExited: Invoking callback 1/1 for Microsoft.VisualStudio.TestPlatform.CrossPlatEngine.Client.ProxyOperationManager., took 0 ms.
TpTrace Information: 0 : 24952, 14, 2023/08/05, 19:23:39.197, 13027643737935, vstest.console.dll, Closing the connection
TpTrace Verbose: 0 : 24952, 14, 2023/08/05, 19:23:39.198, 13027643744213, vstest.console.dll, ProxyDataCollectionManager.InvokeDataCollectionServiceAction: Starting.
TpTrace Information: 0 : 24952, 14, 2023/08/05, 19:23:39.198, 13027643745266, vstest.console.dll, ProxyDataCollectionManager.AfterTestRunEnd: Get attachment set and invoked data collectors processId: 33296 port: 59111
TpTrace Verbose: 0 : 24952, 14, 2023/08/05, 19:23:39.198, 13027643746286, vstest.console.dll, DataCollectionRequestSender.SendAfterTestRunStartAndGetResult: Send AfterTestRunEnd message with isCancelled: False
TpTrace Verbose: 0 : 24952, 14, 2023/08/05, 19:23:39.211, 13027643877182, vstest.console.dll, DataCollectionRequestSender.SendAfterTestRunStartAndGetResult: Received message: (DataCollection.AfterTestRunEndResult) -> {"MessageType":"DataCollection.AfterTestRunEndResult","Payload":{"AttachmentSets":[],"InvokedDataCollectors":[{"Uri":"datacollector://Microsoft/TestPlatform/Extensions/Blame/v1","FriendlyName":"Blame","AssemblyQualifiedName":"Microsoft.TestPlatform.Extensions.BlameDataCollector.BlameCollector, Microsoft.TestPlatform.Extensions.BlameDataCollector, Version=15.0.0.0, Culture=neutral, PublicKeyToken=b03f5f7f11d50a3a","FilePath":"C:\\Program Files\\dotnet\\sdk\\7.0.304\\Extensions\\Microsoft.TestPlatform.Extensions.BlameDataCollector.dll","HasAttachmentProcessor":false}],"Metrics":{}}}
TpTrace Information: 0 : 24952, 14, 2023/08/05, 19:23:39.221, 13027643974973, vstest.console.dll, ProxyDataCollectionManager.InvokeDataCollectionServiceAction: Completed.
TpTrace Warning: 0 : 24952, 11, 2023/08/05, 19:23:39.227, 13027644040949, vstest.console.dll, DataCollectionLauncher.ErrorReceivedCallback datacollector standard error line: 
TpTrace Information: 0 : 24952, 11, 2023/08/05, 19:23:39.237, 13027644137959, vstest.console.dll, DataCollectionLauncher.ExitCallBack: Data collector exited with exitcode: 0 error: ''
TpTrace Verbose: 0 : 24952, 14, 2023/08/05, 19:23:39.317, 13027644937878, vstest.console.dll, TestRunRequest:SendTestRunStatsChange: Starting.
TpTrace Verbose: 0 : 24952, 14, 2023/08/05, 19:23:39.318, 13027644943276, vstest.console.dll, MulticastDelegateUtilities.SafeInvoke: TestRun.RunStatsChanged: Invoking callbacks was skipped because there are no subscribers.
TpTrace Information: 0 : 24952, 14, 2023/08/05, 19:23:39.318, 13027644944233, vstest.console.dll, TestRunRequest:SendTestRunStatsChange: Completed.
TpTrace Verbose: 0 : 24952, 14, 2023/08/05, 19:23:39.319, 13027644952491, vstest.console.dll, ParallelProxyExecutionManager: HandlePartialRunComplete: Total completed clients = 1, Run complete = True, Run canceled: False.
TpTrace Verbose: 0 : 24952, 4, 2023/08/05, 19:23:39.321, 13027644979812, vstest.console.dll, MulticastDelegateUtilities.SafeInvoke: InternalTestLoggerEvents.SendTestResult: Invoking callback 1/1 for Microsoft.VisualStudio.TestPlatform.CommandLine.Internal.ConsoleLogger., took 3 ms.
TpTrace Verbose: 0 : 24952, 4, 2023/08/05, 19:23:39.322, 13027644986144, vstest.console.dll, MulticastDelegateUtilities.SafeInvoke: InternalTestLoggerEvents.SendTestResult: Invoking callback 1/1 for Microsoft.VisualStudio.TestPlatform.CommandLine.Internal.ConsoleLogger., took 0 ms.
TpTrace Verbose: 0 : 24952, 4, 2023/08/05, 19:23:39.338, 13027645152173, vstest.console.dll, MulticastDelegateUtilities.SafeInvoke: InternalTestLoggerEvents.SendTestRunComplete: Invoking callback 1/2 for Microsoft.TestPlatform.Extensions.BlameDataCollector.BlameLogger., took 0 ms.
TpTrace Verbose: 0 : 24952, 4, 2023/08/05, 19:23:39.347, 13027645238248, vstest.console.dll, MulticastDelegateUtilities.SafeInvoke: InternalTestLoggerEvents.SendTestRunComplete: Invoking callback 2/2 for Microsoft.VisualStudio.TestPlatform.CommandLine.Internal.ConsoleLogger., took 8 ms.
TpTrace Verbose: 0 : 24952, 14, 2023/08/05, 19:23:39.348, 13027645245673, vstest.console.dll, TestRunRequest:TestRunComplete: Starting. IsAborted:False IsCanceled:False.
TpTrace Verbose: 0 : 24952, 14, 2023/08/05, 19:23:39.351, 13027645273835, vstest.console.dll, TestLoggerManager.HandleTestRunComplete: Ignoring as the object is disposed.
TpTrace Verbose: 0 : 24952, 14, 2023/08/05, 19:23:39.351, 13027645278040, vstest.console.dll, MulticastDelegateUtilities.SafeInvoke: TestRun.TestRunComplete: Invoking callback 1/2 for Microsoft.VisualStudio.TestPlatform.CommandLine.TestRunResultAggregator., took 0 ms.
TpTrace Verbose: 0 : 24952, 14, 2023/08/05, 19:23:39.351, 13027645280283, vstest.console.dll, MulticastDelegateUtilities.SafeInvoke: TestRun.TestRunComplete: Invoking callback 2/2 for Microsoft.VisualStudio.TestPlatform.CommandLine.Processors.RunTestsArgumentExecutor+TestRunRequestEventsRegistrar., took 0 ms.
TpTrace Information: 0 : 24952, 14, 2023/08/05, 19:23:39.351, 13027645281798, vstest.console.dll, TestRunRequest:TestRunComplete: Completed.
TpTrace Verbose: 0 : 24952, 14, 2023/08/05, 19:23:39.352, 13027645282457, vstest.console.dll, TestRequestSender.SetOperationComplete: Setting operation complete.
TpTrace Information: 0 : 24952, 14, 2023/08/05, 19:23:39.352, 13027645282931, vstest.console.dll, SocketServer.Stop: Stop server endPoint: 127.0.0.1:59114
TpTrace Information: 0 : 24952, 14, 2023/08/05, 19:23:39.352, 13027645283358, vstest.console.dll, SocketServer.Stop: Cancellation requested. Stopping message loop.
TpTrace Verbose: 0 : 24952, 1, 2023/08/05, 19:23:39.352, 13027645282961, vstest.console.dll, TestRunRequest.Dispose: Starting.
TpTrace Information: 0 : 24952, 1, 2023/08/05, 19:23:39.352, 13027645285040, vstest.console.dll, TestRunRequest.Dispose: Completed.
TpTrace Verbose: 0 : 24952, 14, 2023/08/05, 19:23:39.352, 13027645285082, vstest.console.dll, MulticastDelegateUtilities.SafeInvoke: LengthPrefixCommunicationChannel: MessageReceived: Invoking callback 1/1 for Microsoft.VisualStudio.TestPlatform.CommunicationUtilities.TestRequestSender+<>c__DisplayClass34_0., took 231 ms.
TpTrace Information: 0 : 24952, 1, 2023/08/05, 19:23:39.352, 13027645286150, vstest.console.dll, TestRequestManager.RunTests: run tests completed.
TpTrace Information: 0 : 24952, 14, 2023/08/05, 19:23:39.352, 13027645287000, vstest.console.dll, SocketServer.PrivateStop: Stopping server endPoint: 127.0.0.1:59114 error: 
TpTrace Information: 0 : 24952, 1, 2023/08/05, 19:23:39.352, 13027645289582, vstest.console.dll, RunTestsArgumentProcessor:Execute: Test run is completed.
TpTrace Verbose: 0 : 24952, 1, 2023/08/05, 19:23:39.353, 13027645292861, vstest.console.dll, Executor.Execute: Exiting with exit code of 0
TpTrace Verbose: 0 : 24952, 14, 2023/08/05, 19:23:39.353, 13027645293850, vstest.console.dll, LengthPrefixCommunicationChannel.Dispose: Dispose reader and writer.
TpTrace Information: 0 : 24952, 14, 2023/08/05, 19:23:39.353, 13027645295091, vstest.console.dll, SocketServer.Stop: Raise disconnected event endPoint: 127.0.0.1:59114 error: 
TpTrace Verbose: 0 : 24952, 14, 2023/08/05, 19:23:39.353, 13027645296474, vstest.console.dll, TestRequestSender: OnTestRunAbort: Operation is already complete. Skip error message.
TpTrace Verbose: 0 : 24952, 14, 2023/08/05, 19:23:39.353, 13027645297107, vstest.console.dll, MulticastDelegateUtilities.SafeInvoke: SocketServer: ClientDisconnected: Invoking callback 1/1 for Microsoft.VisualStudio.TestPlatform.CommunicationUtilities.TestRequestSender., took 0 ms.
TpTrace Verbose: 0 : 24952, 14, 2023/08/05, 19:23:39.353, 13027645297729, vstest.console.dll, TcpClientExtensions.MessageLoopAsync: exiting MessageLoopAsync remoteEndPoint: 127.0.0.1:59115 localEndPoint: 127.0.0.1:59114
